[    0.000000] Initializing cgroup subsys cpuset
[    0.000000] Initializing cgroup subsys cpu
[    0.000000] Initializing cgroup subsys cpuacct
[    0.000000] Linux version 4.4.0-210-generic (buildd@lgw01-amd64-009) (gcc version 5.4.0 20160609 (Ubuntu 5.4.0-6ubuntu1~16.04.12) ) #242-Ubuntu SMP Fri Apr 16 09:57:56 UTC 2021 (Ubuntu 4.4.0-210.242-generic 4.4.262)
[    0.000000] Command line: BOOT_IMAGE=/boot/vmlinuz-4.4.0-210-generic root=LABEL=cloudimg-rootfs ro console=tty1 console=ttyS0
[    0.000000] KERNEL supported cpus:
[    0.000000]   Intel GenuineIntel
[    0.000000]   AMD AuthenticAMD
[    0.000000]   Centaur CentaurHauls
[    0.000000] [Firmware Bug]: TSC doesn't count with P0 frequency!
[    0.000000] x86/fpu: xstate_offset[2]:  576, xstate_sizes[2]:  256
[    0.000000] x86/fpu: Supporting XSAVE feature 0x01: 'x87 floating point registers'
[    0.000000] x86/fpu: Supporting XSAVE feature 0x02: 'SSE registers'
[    0.000000] x86/fpu: Supporting XSAVE feature 0x04: 'AVX registers'
[    0.000000] x86/fpu: Enabled xstate features 0x7, context size is 832 bytes, using 'standard' format.
[    0.000000] e820: BIOS-provided physical RAM map:
[    0.000000] BIOS-e820: [mem 0x0000000000000000-0x000000000009fbff] usable
[    0.000000] BIOS-e820: [mem 0x000000000009fc00-0x000000000009ffff] reserved
[    0.000000] BIOS-e820: [mem 0x00000000000f0000-0x00000000000fffff] reserved
[    0.000000] BIOS-e820: [mem 0x0000000000100000-0x000000003ffeffff] usable
[    0.000000] BIOS-e820: [mem 0x000000003fff0000-0x000000003fffffff] ACPI data
[    0.000000] BIOS-e820: [mem 0x00000000fec00000-0x00000000fec00fff] reserved
[    0.000000] BIOS-e820: [mem 0x00000000fee00000-0x00000000fee00fff] reserved
[    0.000000] BIOS-e820: [mem 0x00000000fffc0000-0x00000000ffffffff] reserved
[    0.000000] NX (Execute Disable) protection: active
[    0.000000] SMBIOS 2.5 present.
[    0.000000] Hypervisor detected: KVM
[    0.000000] Kernel/User page tables isolation: disabled
[    0.000000] e820: last_pfn = 0x3fff0 max_arch_pfn = 0x400000000
[    0.000000] MTRR: Disabled
[    0.000000] x86/PAT: MTRRs disabled, skipping PAT initialization too.
[    0.000000] CPU MTRRs all blank - virtualized system.
[    0.000000] x86/PAT: Configuration [0-7]: WB  WT  UC- UC  WB  WT  UC- UC  
[    0.000000] found SMP MP-table at [mem 0x0009fff0-0x0009ffff] mapped at [ffff88000009fff0]
[    0.000000] Scanning 1 areas for low memory corruption
[    0.000000] RAMDISK: [mem 0x362dc000-0x37165fff]
[    0.000000] ACPI: Early table checksum verification disabled
[    0.000000] ACPI: RSDP 0x00000000000E0000 000024 (v02 VBOX  )
[    0.000000] ACPI: XSDT 0x000000003FFF0030 00003C (v01 VBOX   VBOXXSDT 00000001 ASL  00000061)
[    0.000000] ACPI: FACP 0x000000003FFF00F0 0000F4 (v04 VBOX   VBOXFACP 00000001 ASL  00000061)
[    0.000000] ACPI: DSDT 0x000000003FFF0470 002325 (v02 VBOX   VBOXBIOS 00000002 INTL 20100528)
[    0.000000] ACPI: FACS 0x000000003FFF0200 000040
[    0.000000] ACPI: FACS 0x000000003FFF0200 000040
[    0.000000] ACPI: APIC 0x000000003FFF0240 00005C (v02 VBOX   VBOXAPIC 00000001 ASL  00000061)
[    0.000000] ACPI: SSDT 0x000000003FFF02A0 0001CC (v01 VBOX   VBOXCPUT 00000002 INTL 20100528)
[    0.000000] No NUMA configuration found
[    0.000000] Faking a node at [mem 0x0000000000000000-0x000000003ffeffff]
[    0.000000] NODE_DATA(0) allocated [mem 0x3ffeb000-0x3ffeffff]
[    0.000000] kvm-clock: Using msrs 4b564d01 and 4b564d00
[    0.000000] kvm-clock: cpu 0, msr 0:3ffe3001, primary cpu clock
[    0.000000] kvm-clock: using sched offset of 3330586340 cycles
[    0.000000] clocksource: kvm-clock: mask: 0xffffffffffffffff max_cycles: 0x1cd42e4dffb, max_idle_ns: 881590591483 ns
[    0.000000] Zone ranges:
[    0.000000]   DMA      [mem 0x0000000000001000-0x0000000000ffffff]
[    0.000000]   DMA32    [mem 0x0000000001000000-0x000000003ffeffff]
[    0.000000]   Normal   empty
[    0.000000]   Device   empty
[    0.000000] Movable zone start for each node
[    0.000000] Early memory node ranges
[    0.000000]   node   0: [mem 0x0000000000001000-0x000000000009efff]
[    0.000000]   node   0: [mem 0x0000000000100000-0x000000003ffeffff]
[    0.000000] Initmem setup node 0 [mem 0x0000000000001000-0x000000003ffeffff]
[    0.000000] ACPI: PM-Timer IO Port: 0x4008
[    0.000000] IOAPIC[0]: apic_id 2, version 32, address 0xfec00000, GSI 0-23
[    0.000000] ACPI: INT_SRC_OVR (bus 0 bus_irq 0 global_irq 2 dfl dfl)
[    0.000000] ACPI: INT_SRC_OVR (bus 0 bus_irq 9 global_irq 9 low level)
[    0.000000] Using ACPI (MADT) for SMP configuration information
[    0.000000] smpboot: Allowing 2 CPUs, 0 hotplug CPUs
[    0.000000] PM: Registered nosave memory: [mem 0x00000000-0x00000fff]
[    0.000000] PM: Registered nosave memory: [mem 0x0009f000-0x0009ffff]
[    0.000000] PM: Registered nosave memory: [mem 0x000a0000-0x000effff]
[    0.000000] PM: Registered nosave memory: [mem 0x000f0000-0x000fffff]
[    0.000000] e820: [mem 0x40000000-0xfebfffff] available for PCI devices
[    0.000000] Booting paravirtualized kernel on KVM
[    0.000000] clocksource: refined-jiffies: mask: 0xffffffff max_cycles: 0xffffffff, max_idle_ns: 7645519600211568 ns
[    0.000000] setup_percpu: NR_CPUS:512 nr_cpumask_bits:512 nr_cpu_ids:2 nr_node_ids:1
[    0.000000] PERCPU: Embedded 33 pages/cpu @ffff88003fc00000 s95192 r8192 d31784 u1048576
[    0.000000] Built 1 zonelists in Node order, mobility grouping on.  Total pages: 257912
[    0.000000] Policy zone: DMA32
[    0.000000] Kernel command line: BOOT_IMAGE=/boot/vmlinuz-4.4.0-210-generic root=LABEL=cloudimg-rootfs ro console=tty1 console=ttyS0
[    0.000000] PID hash table entries: 4096 (order: 3, 32768 bytes)
[    0.000000] Memory: 997792K/1048120K available (8644K kernel code, 1332K rwdata, 4044K rodata, 1492K init, 1164K bss, 50328K reserved, 0K cma-reserved)
[    0.000000] SLUB: HWalign=64, Order=0-3, MinObjects=0, CPUs=2, Nodes=1
[    0.000000] Hierarchical RCU implementation.
[    0.000000] 	Build-time adjustment of leaf fanout to 64.
[    0.000000] 	RCU restricting CPUs from NR_CPUS=512 to nr_cpu_ids=2.
[    0.000000] RCU: Adjusting geometry for rcu_fanout_leaf=64, nr_cpu_ids=2
[    0.000000] NR_IRQS:33024 nr_irqs:440 16
[    0.000000] Console: colour VGA+ 80x25
[    0.000000] console [tty1] enabled
[    0.000000] console [ttyS0] enabled
[    0.000000] tsc: Detected 2595.124 MHz processor
[    0.147104] Calibrating delay loop (skipped) preset value.. 5190.24 BogoMIPS (lpj=10380496)
[    0.149043] pid_max: default: 32768 minimum: 301
[    0.150042] ACPI: Core revision 20150930
[    0.151736] ACPI: 2 ACPI AML tables successfully acquired and loaded
[    0.152992] Security Framework initialized
[    0.153925] Yama: becoming mindful.
[    0.154841] AppArmor: AppArmor initialized
[    0.156008] Dentry cache hash table entries: 131072 (order: 8, 1048576 bytes)
[    0.157794] Inode-cache hash table entries: 65536 (order: 7, 524288 bytes)
[    0.160688] Mount-cache hash table entries: 2048 (order: 2, 16384 bytes)
[    0.162004] Mountpoint-cache hash table entries: 2048 (order: 2, 16384 bytes)
[    0.163482] Initializing cgroup subsys io
[    0.164786] Initializing cgroup subsys memory
[    0.166984] Initializing cgroup subsys devices
[    0.167874] Initializing cgroup subsys freezer
[    0.168750] Initializing cgroup subsys net_cls
[    0.169618] Initializing cgroup subsys perf_event
[    0.170510] Initializing cgroup subsys net_prio
[    0.171409] Initializing cgroup subsys hugetlb
[    0.172272] Initializing cgroup subsys pids
[    0.297883] mce: CPU supports 0 MCE banks
[    0.299017] Last level iTLB entries: 4KB 1024, 2MB 1024, 4MB 512
[    0.301666] Last level dTLB entries: 4KB 1536, 2MB 1536, 4MB 768, 1GB 0
[    0.304620] Spectre V1 : Mitigation: usercopy/swapgs barriers and __user pointer sanitization
[    0.308554] Spectre V2 : Spectre mitigation: LFENCE not serializing, switching to generic retpoline
[    0.312913] Spectre V2 : Mitigation: Full generic retpoline
[    0.315138] Spectre V2 : Spectre v2 / SpectreRSB mitigation: Filling RSB on context switch
[    0.318326] Speculative Store Bypass: Mitigation: Speculative Store Bypass disabled via prctl and seccomp
[    0.324869] Freeing SMP alternatives memory: 36K
[    0.333235] ftrace: allocating 32380 entries in 127 pages
[    0.399716] smpboot: APIC(0) Converting physical 0 to logical package 0
[    0.401368] smpboot: Max logical packages: 1
[    0.402633] x2apic enabled
[    0.403900] Switched APIC routing to physical x2apic.
[    0.406499] ..TIMER: vector=0x30 apic1=0 pin1=2 apic2=-1 pin2=-1
[    0.515899] APIC calibration not consistent with PM-Timer: 109ms instead of 100ms
[    0.517621] APIC delta adjusted to PM-Timer: 6448495 (7083772)
[    0.518923] smpboot: CPU0: AMD Ryzen 3 3200U with Radeon Vega Mobile Gfx (family: 0x17, model: 0x18, stepping: 0x1)
[    0.521273] Performance Events: Broken PMU hardware detected, using software events only.
[    0.523098] Failed to access perfctr msr (MSR c0010007 is 0)
[    0.531273] KVM setup paravirtual spinlock
[    0.534813] x86: Booting SMP configuration:
[    0.535680] .... node  #0, CPUs:      #1
[    0.536581] kvm-clock: cpu 1, msr 0:3ffe3041, secondary cpu clock
[    0.662056] mce: CPU supports 0 MCE banks
[    0.665832] x86: Booted up 1 node, 2 CPUs
[    0.666864] smpboot: Total of 2 processors activated (10380.49 BogoMIPS)
[    0.668399] devtmpfs: initialized
[    0.671625] evm: security.selinux
[    0.672498] evm: security.SMACK64
[    0.673350] evm: security.SMACK64EXEC
[    0.674243] evm: security.SMACK64TRANSMUTE
[    0.675233] evm: security.SMACK64MMAP
[    0.676103] evm: security.ima
[    0.676958] evm: security.capability
[    0.679559] clocksource: jiffies: mask: 0xffffffff max_cycles: 0xffffffff, max_idle_ns: 7645041785100000 ns
[    0.681336] futex hash table entries: 512 (order: 3, 32768 bytes)
[    0.682585] pinctrl core: initialized pinctrl subsystem
[    0.684007] RTC time: 12:44:57, date: 05/15/22
[    0.686704] NET: Registered protocol family 16
[    0.696779] cpuidle: using governor ladder
[    0.711505] cpuidle: using governor menu
[    0.713540] PCCT header not found.
[    0.716529] ACPI: bus type PCI registered
[    0.718570] acpiphp: ACPI Hot Plug PCI Controller Driver version: 0.5
[    0.721674] PCI: Using configuration type 1 for base access
[    0.724275] PCI: Using configuration type 1 for extended access
[    0.737689] ACPI: Added _OSI(Module Device)
[    0.738710] ACPI: Added _OSI(Processor Device)
[    0.739739] ACPI: Added _OSI(3.0 _SCP Extensions)
[    0.740893] ACPI: Added _OSI(Processor Aggregator Device)
[    0.743019] ACPI: Executed 1 blocks of module-level executable AML code
[    0.747922] ACPI: Interpreter enabled
[    0.748976] ACPI: (supports S0 S5)
[    0.750008] ACPI: Using IOAPIC for interrupt routing
[    0.751437] PCI: Using host bridge windows from ACPI; if necessary, use "pci=nocrs" and report a bug
[    0.757497] ACPI: PCI Root Bridge [PCI0] (domain 0000 [bus 00-ff])
[    0.758919] acpi PNP0A03:00: _OSC: OS supports [ExtendedConfig ASPM ClockPM Segments MSI]
[    0.761179] acpi PNP0A03:00: _OSC: platform does not support [PCIeCapability]
[    0.763005] acpi PNP0A03:00: _OSC: not requesting control; platform does not support [PCIeCapability]
[    0.765060] acpi PNP0A03:00: _OSC: OS requested [PCIeHotplug PME AER PCIeCapability]
[    0.766988] acpi PNP0A03:00: _OSC: platform willing to grant [PCIeHotplug PME AER]
[    0.777015] acpi PNP0A03:00: _OSC failed (AE_SUPPORT); disabling ASPM
[    0.778499] PCI host bridge to bus 0000:00
[    0.779305] pci_bus 0000:00: root bus resource [io  0x0000-0x0cf7 window]
[    0.780534] pci_bus 0000:00: root bus resource [io  0x0d00-0xffff window]
[    0.781743] pci_bus 0000:00: root bus resource [mem 0x000a0000-0x000bffff window]
[    0.783238] pci_bus 0000:00: root bus resource [mem 0x40000000-0xfdffffff window]
[    0.784822] pci_bus 0000:00: root bus resource [bus 00-ff]
[    0.787631] pci 0000:00:01.1: legacy IDE quirk: reg 0x10: [io  0x01f0-0x01f7]
[    0.788972] pci 0000:00:01.1: legacy IDE quirk: reg 0x14: [io  0x03f6]
[    0.790197] pci 0000:00:01.1: legacy IDE quirk: reg 0x18: [io  0x0170-0x0177]
[    0.791511] pci 0000:00:01.1: legacy IDE quirk: reg 0x1c: [io  0x0376]
[    0.814009] pci 0000:00:07.0: quirk: [io  0x4000-0x403f] claimed by PIIX4 ACPI
[    0.815557] pci 0000:00:07.0: quirk: [io  0x4100-0x410f] claimed by PIIX4 SMB
[    0.831052] ACPI: PCI Interrupt Link [LNKA] (IRQs 5 9 10 *11)
[    0.832557] ACPI: PCI Interrupt Link [LNKB] (IRQs 5 9 *10 11)
[    0.834172] ACPI: PCI Interrupt Link [LNKC] (IRQs 5 *9 10 11)
[    0.835717] ACPI: PCI Interrupt Link [LNKD] (IRQs 5 9 10 *11)
[    0.837320] ACPI: Enabled 2 GPEs in block 00 to 07
[    0.838682] vgaarb: setting as boot device: PCI:0000:00:02.0
[    0.839636] vgaarb: device added: PCI:0000:00:02.0,decodes=io+mem,owns=io+mem,locks=none
[    0.841297] vgaarb: loaded
[    0.841952] vgaarb: bridge control possible 0000:00:02.0
[    0.843245] SCSI subsystem initialized
[    0.844204] ACPI: bus type USB registered
[    0.845102] usbcore: registered new interface driver usbfs
[    0.846207] usbcore: registered new interface driver hub
[    0.847286] usbcore: registered new device driver usb
[    0.848611] PCI: Using ACPI for IRQ routing
[    0.849814] NetLabel: Initializing
[    0.850465] NetLabel:  domain hash size = 128
[    0.851333] NetLabel:  protocols = UNLABELED CIPSOv4
[    0.852227] NetLabel:  unlabeled traffic allowed by default
[    0.853294] amd_nb: Cannot enumerate AMD northbridges
[    0.854208] clocksource: Switched to clocksource kvm-clock
[    0.862965] AppArmor: AppArmor Filesystem Enabled
[    0.863961] pnp: PnP ACPI init
[    0.865712] pnp: PnP ACPI: found 3 devices
[    0.875609] clocksource: acpi_pm: mask: 0xffffff max_cycles: 0xffffff, max_idle_ns: 2085701024 ns
[    0.877280] NET: Registered protocol family 2
[    0.878492] TCP established hash table entries: 8192 (order: 4, 65536 bytes)
[    0.879720] TCP bind hash table entries: 8192 (order: 5, 131072 bytes)
[    0.881029] TCP: Hash tables configured (established 8192 bind 8192)
[    0.883410] UDP hash table entries: 512 (order: 2, 16384 bytes)
[    0.884599] UDP-Lite hash table entries: 512 (order: 2, 16384 bytes)
[    0.885942] NET: Registered protocol family 1
[    0.886854] pci 0000:00:00.0: Limiting direct PCI/PCI transfers
[    0.888141] pci 0000:00:01.0: Activating ISA DMA hang workarounds
[    0.889457] Unpacking initramfs...
[    1.109660] Freeing initrd memory: 14888K
[    1.110793] clocksource: tsc: mask: 0xffffffffffffffff max_cycles: 0x25683d9e828, max_idle_ns: 440795202126 ns
[    1.112756] platform rtc_cmos: registered platform RTC device (no PNP device found)
[    1.114277] Scanning for low memory corruption every 60 seconds
[    1.116968] audit: initializing netlink subsys (disabled)
[    1.118108] audit: type=2000 audit(1652618702.219:1): initialized
[    1.119500] Initialise system trusted keyring
[    1.120675] HugeTLB registered 2 MB page size, pre-allocated 0 pages
[    1.122861] zbud: loaded
[    1.123878] VFS: Disk quotas dquot_6.6.0
[    1.124709] VFS: Dquot-cache hash table entries: 512 (order 0, 4096 bytes)
[    1.126103] squashfs: version 4.0 (2009/01/31) Phillip Lougher
[    1.128851] fuse init (API version 7.23)
[    1.129946] Key type big_key registered
[    1.130735] Allocating IMA MOK and blacklist keyrings.
[    1.133351] Key type asymmetric registered
[    1.134350] Asymmetric key parser 'x509' registered
[    1.135720] Block layer SCSI generic (bsg) driver version 0.4 loaded (major 249)
[    1.137322] io scheduler noop registered
[    1.138080] io scheduler deadline registered (default)
[    1.139020] io scheduler cfq registered
[    1.139855] pci_hotplug: PCI Hot Plug PCI Core version: 0.5
[    1.140863] pciehp: PCI Express Hot Plug Controller Driver version: 0.4
[    1.142159] ACPI: AC Adapter [AC] (off-line)
[    1.142933] input: Power Button as /devices/LNXSYSTM:00/LNXPWRBN:00/input/input0
[    1.144476] ACPI: Power Button [PWRF]
[    1.145318] input: Sleep Button as /devices/LNXSYSTM:00/LNXSLPBN:00/input/input1
[    1.146897] ACPI: Sleep Button [SLPF]
[    1.147847] GHES: HEST is not enabled!
[    1.148536] ACPI: Battery Slot [BAT0] (battery present)
[    1.150305] Serial: 8250/16550 driver, 32 ports, IRQ sharing enabled
[    1.172081] 00:02: ttyS0 at I/O 0x3f8 (irq = 4, base_baud = 115200) is a 16550A
[    1.176264] Linux agpgart interface v0.103
[    1.178933] loop: module loaded
[    1.180170] scsi host0: ata_piix
[    1.181183] scsi host1: ata_piix
[    1.181885] ata1: PATA max UDMA/33 cmd 0x1f0 ctl 0x3f6 bmdma 0xd000 irq 14
[    1.183129] ata2: PATA max UDMA/33 cmd 0x170 ctl 0x376 bmdma 0xd008 irq 15
[    1.184695] libphy: Fixed MDIO Bus: probed
[    1.185506] tun: Universal TUN/TAP device driver, 1.6
[    1.186438] tun: (C) 1999-2004 Max Krasnyansky <maxk@qualcomm.com>
[    1.187638] PPP generic driver version 2.4.2
[    1.188465] ehci_hcd: USB 2.0 'Enhanced' Host Controller (EHCI) Driver
[    1.189596] ehci-pci: EHCI PCI platform driver
[    1.190465] ehci-platform: EHCI generic platform driver
[    1.191505] ohci_hcd: USB 1.1 'Open' Host Controller (OHCI) Driver
[    1.192642] ohci-pci: OHCI PCI platform driver
[    1.193526] ohci-platform: OHCI generic platform driver
[    1.194527] uhci_hcd: USB Universal Host Controller Interface driver
[    1.195771] i8042: PNP: PS/2 Controller [PNP0303:PS2K,PNP0f03:PS2M] at 0x60,0x64 irq 1,12
[    1.198191] serio: i8042 KBD port at 0x60,0x64 irq 1
[    1.199242] serio: i8042 AUX port at 0x60,0x64 irq 12
[    1.200529] mousedev: PS/2 mouse device common for all mice
[    1.201949] input: AT Translated Set 2 keyboard as /devices/platform/i8042/serio0/input/input2
[    1.204070] rtc_cmos rtc_cmos: rtc core: registered rtc_cmos as rtc0
[    1.205312] rtc_cmos rtc_cmos: alarms up to one day, 114 bytes nvram
[    1.206480] i2c /dev entries driver
[    1.207269] device-mapper: uevent: version 1.0.3
[    1.208439] device-mapper: ioctl: 4.34.0-ioctl (2015-10-28) initialised: dm-devel@redhat.com
[    1.210170] ledtrig-cpu: registered to indicate activity on CPUs
[    1.211860] NET: Registered protocol family 10
[    1.213173] NET: Registered protocol family 17
[    1.214273] Key type dns_resolver registered
[    1.215595] registered taskstats version 1
[    1.216494] Loading compiled-in X.509 certificates
[    1.217986] Loaded X.509 cert 'Build time autogenerated kernel key: cf00e047681d67edb2720680708b7d9498083038'
[    1.219949] zswap: loaded using pool lzo/zbud
[    1.222742] Key type trusted registered
[    1.226642] Key type encrypted registered
[    1.227461] AppArmor: AppArmor sha1 policy hashing enabled
[    1.228433] ima: No TPM chip found, activating TPM-bypass!
[    1.229458] ima: Allocated hash algorithm: sha1
[    1.230360] evm: HMAC attrs: 0x1
[    1.231433]   Magic number: 6:78:734
[    1.232493] rtc_cmos rtc_cmos: setting system clock to 2022-05-15 12:44:57 UTC (1652618697)
[    1.234424] BIOS EDD facility v0.16 2004-Jun-25, 0 devices found
[    1.235519] EDD information not available.
[    1.363569] Freeing unused kernel memory: 1492K
[    1.364940] Write protecting the kernel read-only data: 14336k
[    1.367208] Freeing unused kernel memory: 1584K
[    1.368639] Freeing unused kernel memory: 52K
Loading, please wait...
starting version 229
[    1.383899] random: systemd-udevd: uninitialized urandom read (16 bytes read, 3 bits of entropy available)
[    1.384809] random: udevadm: uninitialized urandom read (16 bytes read, 3 bits of entropy available)
[    1.384924] random: udevadm: uninitialized urandom read (16 bytes read, 3 bits of entropy available)
[    1.390950] random: systemd-udevd: uninitialized urandom read (16 bytes read, 3 bits of entropy available)
[    1.393283] random: systemd-udevd: uninitialized urandom read (16 bytes read, 3 bits of entropy available)
[    1.395408] random: systemd-udevd: uninitialized urandom read (16 bytes read, 3 bits of entropy available)
[    1.396124] random: udevadm: uninitialized urandom read (16 bytes read, 3 bits of entropy available)
[    1.396266] random: udevadm: uninitialized urandom read (16 bytes read, 3 bits of entropy available)
[    1.396530] random: udevadm: uninitialized urandom read (16 bytes read, 3 bits of entropy available)
[    1.396716] random: udevadm: uninitialized urandom read (16 bytes read, 3 bits of entropy available)
[    1.552465] e1000: Intel(R) PRO/1000 Network Driver - version 7.3.21-k8-NAPI
[    1.554929] e1000: Copyright (c) 1999-2006 Intel Corporation.
[    1.564298] Fusion MPT base driver 3.04.20
[    1.565329] Copyright (c) 1999-2008 LSI Corporation
[    1.571538] Fusion MPT SPI Host driver 3.04.20
[    1.607524] AVX2 version of gcm_enc/dec engaged.
[    1.608587] AES CTR mode by8 optimization enabled
[    1.781835] input: ImExPS/2 Generic Explorer Mouse as /devices/platform/i8042/serio1/input/input4
[    2.614422] e1000 0000:00:03.0 eth0: (PCI:33MHz:32-bit) 02:be:82:6b:cc:1d
[    2.617405] e1000 0000:00:03.0 eth0: Intel(R) PRO/1000 Network Connection
[    2.621449] mptbase: ioc0: Initiating bringup
[    2.687289] ioc0: LSI53C1030 A0: Capabilities={Initiator}
[    2.857184] scsi host2: ioc0: LSI53C1030 A0, FwRev=00000000h, Ports=1, MaxQ=256, IRQ=20
[    3.885944] scsi 2:0:0:0: Direct-Access     VBOX     HARDDISK         1.0  PQ: 0 ANSI: 5
[    3.889992] scsi target2:0:0: Beginning Domain Validation
[    3.895285] scsi target2:0:0: Domain Validation skipping write tests
[    3.897836] scsi target2:0:0: Ending Domain Validation
[    3.900174] scsi target2:0:0: asynchronous
[    3.903052] scsi 2:0:1:0: Direct-Access     VBOX     HARDDISK         1.0  PQ: 0 ANSI: 5
[    3.906592] scsi target2:0:1: Beginning Domain Validation
[    3.910341] scsi target2:0:1: Domain Validation skipping write tests
[    3.912920] scsi target2:0:1: Ending Domain Validation
[    3.915183] scsi target2:0:1: asynchronous
[    4.020304] sd 2:0:0:0: Attached scsi generic sg0 type 0
[    4.023009] sd 2:0:0:0: [sda] 83886080 512-byte logical blocks: (42.9 GB/40.0 GiB)
[    4.027071] sd 2:0:1:0: Attached scsi generic sg1 type 0
[    4.028278] sd 2:0:1:0: [sdb] 20480 512-byte logical blocks: (10.5 MB/10.0 MiB)
[    4.028533] sd 2:0:1:0: [sdb] Write Protect is off
[    4.028727] sd 2:0:1:0: [sdb] Incomplete mode parameter data
[    4.028729] sd 2:0:1:0: [sdb] Assuming drive cache: write through
[    4.039118] sd 2:0:0:0: [sda] Write Protect is off
[    4.041001] sd 2:0:0:0: [sda] Incomplete mode parameter data
[    4.043223] sd 2:0:0:0: [sda] Assuming drive cache: write through
[    4.094557]  sda: sda1
[    4.098125] sd 2:0:1:0: [sdb] Attached SCSI disk
[    4.102617] sd 2:0:0:0: [sda] Attached SCSI disk
[    4.610708] e1000 0000:00:08.0 eth1: (PCI:33MHz:32-bit) 08:00:27:42:e8:ba
[    4.614565] e1000 0000:00:08.0 eth1: Intel(R) PRO/1000 Network Connection
[    4.622134] e1000 0000:00:03.0 enp0s3: renamed from eth0
[    4.639044] e1000 0000:00:08.0 enp0s8: renamed from eth1
Begin: Loading essential drivers ... [    6.050364] md: linear personality registered for level -1
[    6.056387] md: multipath personality registered for level -4
[    6.063218] md: raid0 personality registered for level 0
[    6.073055] md: raid1 personality registered for level 1
[    6.150637] raid6: sse2x1   gen()  7566 MB/s
[    6.219273] raid6: sse2x1   xor()  3268 MB/s
[    6.287312] raid6: sse2x2   gen() 13759 MB/s
[    6.355008] raid6: sse2x2   xor()  8747 MB/s
[    6.423493] raid6: sse2x4   gen() 10914 MB/s
[    6.492019] raid6: sse2x4   xor()  8257 MB/s
[    6.559938] raid6: avx2x1   gen() 10435 MB/s
[    6.626566] raid6: avx2x2   gen() 13482 MB/s
[    6.696113] raid6: avx2x4   gen() 20706 MB/s
[    6.697956] raid6: using algorithm avx2x4 gen() 20706 MB/s
[    6.700277] raid6: using avx2x2 recovery algorithm
[    6.704444] xor: automatically using best checksumming function:
[    6.743132]    avx       :  6028.000 MB/sec
[    6.745080] async_tx: api initialized (async)
[    6.756665] md: raid6 personality registered for level 6
[    6.757751] md: raid5 personality registered for level 5
[    6.758940] md: raid4 personality registered for level 4
[    6.771043] md: raid10 personality registered for level 10
done.
Begin: Running /scripts/init-premount ... done.
Begin: Mounting root file system ... Begin: Running /scripts/local-top ... done.
Begin: Running /scripts/local-premount ... [    6.815994] Btrfs loaded
Scanning for Btrfs filesystems
done.
Warning: fsck not present, so skipping root file system
[    6.935843] EXT4-fs (sda1): mounted filesystem with ordered data mode. Opts: (null)
done.
Begin: Running /scripts/local-bottom ... done.
Begin: Running /scripts/init-bottom ... done.
[    7.138348] systemd[1]: systemd 229 running in system mode. (+PAM +AUDIT +SELINUX +IMA +APPARMOR +SMACK +SYSVINIT +UTMP +LIBCRYPTSETUP +GCRYPT +GNUTLS +ACL +XZ -LZ4 +SECCOMP +BLKID +ELFUTILS +KMOD -IDN)
[    7.145218] systemd[1]: Detected virtualization oracle.
[    7.147427] systemd[1]: Detected architecture x86-64.

Welcome to [1mUbuntu 16.04.7 LTS[0m!

[    7.154669] systemd[1]: Set hostname to <ubuntu-xenial>.
[    7.418993] systemd[1]: Listening on Device-mapper event daemon FIFOs.
[[0;32m  OK  [0m] Listening on Device-mapper event daemon FIFOs.
[    7.424240] systemd[1]: Set up automount Arbitrary Executable File Formats File System Automount Point.
[[0;32m  OK  [0m] Set up automount Arbitrary Executab...ats File System Automount Point.
[    7.431042] systemd[1]: Listening on Journal Audit Socket.
[[0;32m  OK  [0m] Listening on Journal Audit Socket.
[    7.435543] systemd[1]: Listening on /dev/initctl Compatibility Named Pipe.
[[0;32m  OK  [0m] Listening on /dev/initctl Compatibility Named Pipe.
[    7.440866] systemd[1]: Created slice User and Session Slice.
[[0;32m  OK  [0m] Created slice User and Session Slice.
[    7.445475] systemd[1]: Reached target Encrypted Volumes.
[[0;32m  OK  [0m] Reached target Encrypted Volumes.
[    7.449484] systemd[1]: Reached target User and Group Name Lookups.
[[0;32m  OK  [0m] Reached target User and Group Name Lookups.
[    7.454299] systemd[1]: Started Trigger resolvconf update for networkd DNS.
[[0;32m  OK  [0m] Started Trigger resolvconf update for networkd DNS.
[    7.459022] systemd[1]: Reached target Swap.
[[0;32m  OK  [0m] Reached target Swap.
[    7.462301] systemd[1]: Reached target System Time Synchronized.
[[0;32m  OK  [0m] Reached target System Time Synchronized.
[    7.464261] systemd[1]: Listening on LVM2 poll daemon socket.
[[0;32m  OK  [0m] Listening on LVM2 poll daemon socket.
[    7.465977] systemd[1]: Created slice System Slice.
[[0;32m  OK  [0m] Created slice System Slice.
[    7.470006] systemd[1]: Created slice system-serial\x2dgetty.slice.
[[0;32m  OK  [0m] Created slice system-serial\x2dgetty.slice.
[    7.474654] systemd[1]: Listening on fsck to fsckd communication Socket.
[[0;32m  OK  [0m] Listening on fsck to fsckd communication Socket.
[    7.479582] systemd[1]: Listening on udev Control Socket.
[[0;32m  OK  [0m] Listening on udev Control Socket.
[    7.484085] systemd[1]: Started Forward Password Requests to Wall Directory Watch.
[[0;32m  OK  [0m] Started Forward Password Requests to Wall Directory Watch.
[    7.490573] systemd[1]: Listening on udev Kernel Socket.
[[0;32m  OK  [0m] Listening on udev Kernel Socket.
[    7.493134] systemd[1]: Listening on Journal Socket (/dev/log).
[[0;32m  OK  [0m] Listening on Journal Socket (/dev/log).
[    7.494769] systemd[1]: Listening on LVM2 metadata daemon socket.
[[0;32m  OK  [0m] Listening on LVM2 metadata daemon socket.
[    7.496491] systemd[1]: Listening on Journal Socket.
[[0;32m  OK  [0m] Listening on Journal Socket.
[    7.511060] systemd[1]: Starting Monitoring of LVM2 mirrors, snapshots etc. using dmeventd or progress polling...
         Starting Monitoring of LVM2 mirrors... dmeventd or progress polling...
[    7.519180] systemd[1]: Mounting Debug File System...
         Mounting Debug File System...
[    7.531635] systemd[1]: Mounting POSIX Message Queue File System...
         Mounting POSIX Message Queue File System...
[    7.538834] systemd[1]: Starting Create list of required static device nodes for the current kernel...
         Starting Create list of required st... nodes for the current kernel...
[    7.552445] systemd[1]: Starting Nameserver information manager...
         Starting Nameserver information manager...
[    7.559269] systemd[1]: Starting Set console keymap...
         Starting Set console keymap...
[    7.566020] systemd[1]: Starting Load Kernel Modules...
         Starting Load Kernel Modules...
[    7.571403] systemd[1]: Starting Uncomplicated firewall...
         Starting Uncomplicated firewall...
[    7.577826] systemd[1]: Listening on Syslog Socket.
[[0;32m  OK  [0m] Listening on Syslog Socket.
[    7.583263] systemd[1]: Starting Journal Service...
         Starting Journal Service...
[    7.586351] Loading iSCSI transport class v2.0-870.
[    7.587504] systemd[1]: Mounting Huge Pages File System...
         Mounting Huge Pages File System...
[    7.592975] systemd[1]: Starting File System Check on Root Device...
         Starting File System Check on Root Device...
[    7.595044] systemd[1]: Reached target Slices.
[[0;32m  OK  [0m] Reached target Slices.
[    7.598675] systemd[1]: Mounted Huge Pages File System.
[[0;32m  OK  [0m] Mounted Huge Pages File System.
[    7.600536] systemd[1]: Mounted POSIX Message Queue File System.
[[0;32m  OK  [0m] Mounted POSIX Message Queue File System.
[    7.603959] systemd[1]: Mounted Debug File System.
[[0;32m  OK  [0m] Mounted Debug File System.
[    7.605596] random: nonblocking pool is initialized
[    7.607114] systemd[1]: Started Create list of required static device nodes for the current kernel.
[[0;32m  OK  [0m] Started Create list of required sta...ce nodes for the current kernel.
[    7.610979] systemd[1]: Started Uncomplicated firewall.
[[0;32m  OK  [0m] Started Uncomplicated firewall.
[    7.614036] systemd[1]: Started Nameserver information manager.
[[0;32m  OK  [0m] Started Nameserver information manager.
[    7.617804] systemd[1]: Started File System Check Daemon to report status.
[[0;32m  OK  [0m] Started File System Check Daemon to report status.
[    7.621379] systemd[1]: Started LVM2 metadata daemon.
[[0;32m  OK  [0m] Started LVM2 metadata daemon.
[    7.624506] systemd[1]: Starting Create Static Device Nodes in /dev...
         Starting Create Static Device Nodes in /dev...
[    7.645766] systemd[1]: Started Journal Service.
[[0;32m  OK  [0[    7.647132] iscsi: registered transport (tcp)
m] Started Journal Service.
[[0;32m  OK  [0m] Started File System Check on Root Device.
         Starting Remount Root and Kernel File Systems...
[[0;32m  OK  [0m] Started Create Static Device Nodes in /dev.
         Starting udev Kernel Device Manager...
[    7.669933] EXT4-fs (sda1): re-mounted. Opts: (null)
[[0;32m  OK  [0m] Started Remount Root and Kernel File Systems.
         Starting udev Coldplug all Devices...
         Starting Flush Journal to Persistent Storage...
         Starting Load/Save Random Seed...
[[0;32m  OK  [0m] Started Set console keymap.
[[0;32m  OK  [0m] Started Load/Save Random Seed.
[    7.711822] systemd-journald[390]: Received request to flush runtime journal from PID 1
[[0;32m  OK  [0m] Started Flush Journal to Persistent Storage.
[    7.722944] iscsi: registered transport (iser)
[[0;32m  OK  [0m] Started Load Kernel Modules.
[[0;32m  OK  [0m] Started udev Kernel Device Manager.
         Mounting FUSE Control File System...
         Starting Apply Kernel Variables...
[[0;32m  OK  [0m] Mounted FUSE Control File System.
[[0;32m  OK  [0m] Started Apply Kernel Variables.
[[0;32m  OK  [0m] Started udev Coldplug all Devices.
[[0;32m  OK  [0m] Started Dispatch Password Requests to Console Directory Watch.
[[0;32m  OK  [0m] Started Monitoring of LVM2 mirrors,...ng dmeventd or progress polling.
[[0;32m  OK  [0m] Reached target Local File Systems (Pre).
[[0;32m  OK  [0m] Reached target Local File Systems.
         Starting LSB: AppArmor initialization...
         Starting Tell Plymouth To Write Out Runtime Data...
         Starting Initial cloud-init job (pre-networking)...
         Starting Create Volatile Files and Directories...
         Starting Set console font and keymap...
[[0;32m  OK  [0m] Started Tell Plymouth To Write Out Runtime Data.
[[0;32m  OK  [0m] Started Create Volatile Files and Directories.
         Starting Update UTMP about System Boot/Shutdown...
[[0;32m  OK  [0m] Started Update UTMP about System Boot/Shutdown.
[[0;32m  OK  [0m] Found device /dev/ttyS0.
[[0;32m  OK  [0m] Started LSB: AppArmor initialization.
[[0;32m  OK  [0m] Listening on Load/Save RF Kill Switch Status /dev/rfkill Watch.
         Starting Load AppArmor profiles managed internally by snapd...
[[0;32m  OK  [0m] Started Load AppArmor profiles managed internally by snapd.
[[0;32m  OK  [0m] Found device 82540EM Gigabit Ethern...r (PRO/1000 MT Desktop Adapter).
[[0;32m  OK  [0m] Started Set console font and keymap.
[[0;32m  OK  [0m] Created slice system-getty.slice.
[    8.840939] cloud-init[488]: Cloud-init v. 21.1-19-gbad84ad4-0ubuntu1~16.04.2 running 'init-local' at Sun, 15 May 2022 12:45:05 +0000. Up 8.55 seconds.
[[0;32m  OK  [0m] Started Initial cloud-init job (pre-networking).
[[0;32m  OK  [0m] Reached target Network (Pre).
[[0;32m  OK  [0m] Started ifup for enp0s3.
         Starting Raise network interfaces...
[[0;32m  OK  [0m] Started Raise network interfaces.
[[0;32m  OK  [0m] Reached target Network.
         Starting Initial cloud-init job (metadata service crawler)...
[    9.949036] cloud-init[994]: Cloud-init v. 21.1-19-gbad84ad4-0ubuntu1~16.04.2 running 'init' at Sun, 15 May 2022 12:45:05 +0000. Up 9.42 seconds.
[    9.953270] cloud-init[994]: ci-info: ++++++++++++++++++++++++++++++++++++++Net device info+++++++++++++++++++++++++++++++++++++++
[    9.957284] cloud-init[994]: ci-info: +--------+-------+----------------------------+---------------+--------+-------------------+
[    9.961424] cloud-init[994]: ci-info: | Device |   Up  |          Address           |      Mask     | Scope  |     Hw-Address    |
[    9.965530] cloud-init[994]: ci-info: +--------+-------+----------------------------+---------------+--------+-------------------+
[    9.969125] cloud-init[994]: ci-info: | enp0s3 |  True |         10.0.2.15          | 255.255.255.0 | global | 02:be:82:6b:cc:1d |
[    9.972926] cloud-init[994]: ci-info: | enp0s3 |  True | fe80::be:82ff:fe6b:cc1d/64 |       .       |  link  | 02:be:82:6b:cc:1d |
[    9.976919] cloud-init[994]: ci-info: | enp0s8 | False |             .              |       .       |   .    | 08:00:27:42:e8:ba |
[    9.980346] cloud-init[994]: ci-info: |   lo   |  True |         127.0.0.1          |   255.0.0.0   |  host  |         .         |
[    9.983418] cloud-init[994]: ci-info: |   lo   |  True |          ::1/128           |       .       |  host  |         .         |
[    9.984957] cloud-init[994]: ci-info: +--------+-------+----------------------------+---------------+--------+-------------------+
[    9.986568] cloud-init[994]: ci-info: +++++++++++++++++++++++++++Route IPv4 info++++++++++++++++++++++++++++
[    9.988012] cloud-init[994]: ci-info: +-------+-------------+----------+---------------+-----------+-------+
[    9.989684] cloud-init[994]: ci-info: | Route | Destination | Gateway  |    Genmask    | Interface | Flags |
[    9.991046] cloud-init[994]: ci-info: +-------+-------------+----------+---------------+-----------+-------+
[    9.992419] cloud-init[994]: ci-info: |   0   |   0.0.0.0   | 10.0.2.2 |    0.0.0.0    |   enp0s3  |   UG  |
[    9.993804] cloud-init[994]: ci-info: |   1   |   10.0.2.0  | 0.0.0.0  | 255.255.255.0 |   enp0s3  |   U   |
[   10.000981] cloud-init[994]: ci-info: +-------+-------------+----------+---------------+-----------+-------+
[   10.002521] cloud-init[994]: ci-info: +++++++++++++++++++Route IPv6 info+++++++++++++++++++
[   10.008832] cloud-init[994]: ci-info: +-------+-------------+---------+-----------+-------+
[   10.010027] cloud-init[994]: ci-info: | Route | Destination | Gateway | Interface | Flags |
[   10.011235] cloud-init[994]: ci-info: +-------+-------------+---------+-----------+-------+
[   10.012505] cloud-init[994]: ci-info: |   0   |  fe80::/64  |    ::   |   enp0s3  |   U   |
[   10.013601] cloud-init[994]: ci-info: |   3   |   ff00::/8  |    ::   |   enp0s3  |   U   |
[   10.014898] cloud-init[994]: ci-info: +-------+-------------+---------+-----------+-------+
[[0;32m  OK  [0m] Started Initial cloud-init job (metadata service crawler).
[[0;32m  OK  [0m] Reached target System Initialization.
[[0;32m  OK  [0m] Started ACPI Events Check.
[[0;32m  OK  [0m] Listening on ACPID Listen Socket.
[[0;32m  OK  [0m] Started Trigger to poll for Ubuntu ...nly enabled on GCP LTS non-pro).
[[0;32m  OK  [0m] Reached target Paths.
[[0;32m  OK  [0m] Started Daily apt download activities.
[[0;32m  OK  [0m] Started Ubuntu Advantage Timer for running repeated jobs.
[[0;32m  OK  [0m] Started Daily apt upgrade and clean activities.
[[0;32m  OK  [0m] Started Message of the Day.
[[0;32m  OK  [0m] Listening on UUID daemon activation socket.
[[0;32m  OK  [0m] Listening on D-Bus System Message Bus Socket.
         Starting LXD - unix socket.
         Starting Socket activation for snappy daemon.
[[0;32m  OK  [0m] Started Daily Cleanup of Temporary Directories.
[[0;32m  OK  [0m] Reached target Timers.
[[0;32m  OK  [0m] Reached target Cloud-config availability.
[[0;32m  OK  [0m] Reached target Network is Online.
         Starting iSCSI initiator daemon (iscsid)...
[[0;32m  OK  [0m] Listening on LXD - unix socket.
[[0;32m  OK  [0m] Listening on Socket activation for snappy daemon.
[[0;32m  OK  [0m] Reached target Sockets.
[[0;32m  OK  [0m] Reached target Basic System.
         Starting Virtualbox guest utils...
[[0;32m  OK  [0m] Started Regular background program processing daemon.
         Starting A high performance web server and a reverse proxy server...
         Starting Login Service...
[[0;32m  OK  [0m] Started Deferred execution scheduler.
         Starting LXD - container startup/shutdown...
         Starting Snap Daemon...
         Starting LSB: MD monitoring daemon...
         Starting LSB: Record successful boot for GRUB...
         Starting System Logging Service...
         Starting Accounts Service...
[[0;32m  OK  [0m] Started D-Bus System Message Bus.
[[0;32m  OK  [0m] Started FUSE filesystem for LXC.
[[0;32m  OK  [0m] Started ACPI event daemon.
         Starting /etc/rc.local Compatibility...
         Starting OpenBSD Secure Shell server...
[[0;32m  OK  [0m] Started System Logging Service.
[[0;32m  OK  [0m] Started iSCSI initiator daemon (iscsid).
[[0;32m  OK  [0m] Started /etc/rc.local Compatibility.
[[0;32m  OK  [0m] Started LSB: Record successful boot for GRUB.
[[0;32m  OK  [0m] Started Login Service.
[[0;32m  OK  [0m] Started Unattended Upgrades Shutdown.
         Starting Authenticate and Authorize Users to Run Privileged Tasks...
         Starting Login to default iSCSI targets...
[[0;32m  OK  [0m] Started LXD - container startup/shutdown.
[[0;32m  OK  [0m] Started LSB: MD monitoring daemon.
[[0;32m  OK  [0m] Started A high performance web server and a reverse proxy server.
[[0;32m  OK  [0m] Started OpenBSD Secure Shell server.
[[0;32m  OK  [0m] Started Login to default iSCSI targets.
[[0;32m  OK  [0m] Reached target Remote File Systems (Pre).
         Mounting /vagrant...
[[0;32m  OK  [0m] Started Authenticate and Authorize Users to Run Privileged Tasks.
[[0;32m  OK  [0m] Started Accounts Service.
[[0;1;31mFAILED[0m] Failed to mount /vagrant.
See 'systemctl status vagrant.mount' for details.
[[0;1;33mDEPEND[0m] Dependency failed for Remote File Systems.
         Starting LSB: daemon to balance interrupts for SMP systems...
         Starting Permit User Sessions...
         Starting LSB: automatic crash report generation...
         Starting LSB: Set the CPU Frequency Scaling governor to "ondemand"...
[[0;32m  OK  [0m] Started Permit User Sessions.
         Starting Terminate Plymouth Boot Screen...
         Starting Hold until boot process finishes up...
[[0;32m  OK  [0m] Started Hold until boot process finishes up.
[[0;32m  OK  [0m] Started Getty on tty1.
[[0;32m  OK  [0m] Started Serial Getty on ttyS0.
[[0;32m  OK  [0m] Reached target Login Prompts.
         Starting Set console scheme...
[[0;32m  OK  [0m] Started Terminate Plymouth Boot Screen.
[[0;32m  OK  [0m] Started Set console scheme.
[[0;32m  OK  [0m] Started LSB: automatic crash report generation.
[[0;32m  OK  [0m] Started LSB: Set the CPU Frequency Scaling governor to "ondemand".
[[0;32m  OK  [0m] Started LSB: daemon to balance interrupts for SMP systems.
[[0;32m  OK  [0m] Started Virtualbox guest utils.
[[0;32m  OK  [0m] Started Snap Daemon.
         Starting Wait until snapd is fully seeded...
[[0;32m  OK  [0m] Started Wait until snapd is fully seeded.
         Starting Apply the settings specified in cloud-config...
[[0;32m  OK  [0m] Reached target Multi-User System.
[[0;32m  OK  [0m] Reached target Graphical Interface.
         Starting Update UTMP about System Runlevel Changes...
[[0;32m  OK  [0m] Started Update UTMP about System Runlevel Changes.
[   11.276148] cloud-init[1264]: Cloud-init v. 21.1-19-gbad84ad4-0ubuntu1~16.04.2 running 'modules:config' at Sun, 15 May 2022 12:45:07 +0000. Up 11.08 seconds.
[[0;32m  OK  [0m] Started Apply the settings specified in cloud-config.
         Starting Execute cloud user/final scripts...
[   11.855539] cloud-init[1276]: Cloud-init v. 21.1-19-gbad84ad4-0ubuntu1~16.04.2 running 'modules:final' at Sun, 15 May 2022 12:45:08 +0000. Up 11.64 seconds.
[   11.863269] cloud-init[1276]: Cloud-init v. 21.1-19-gbad84ad4-0ubuntu1~16.04.2 finished at Sun, 15 May 2022 12:45:08 +0000. Datasource DataSourceNoCloud [seed=/dev/sdb][dsmode=net].  Up 11.84 seconds
[[0;32m  OK  [0m] Started Execute cloud user/final scripts.
[[0;32m  OK  [0m] Reached target Cloud-init target.

Ubuntu 16.04.7 LTS ubuntu-xenial ttyS0

ubuntu-xenial login: 