[    0.000000] Initializing cgroup subsys cpuset
[    0.000000] Initializing cgroup subsys cpu
[    0.000000] Initializing cgroup subsys cpuacct
[    0.000000] Linux version 4.4.0-210-generic (buildd@lgw01-amd64-009) (gcc version 5.4.0 20160609 (Ubuntu 5.4.0-6ubuntu1~16.04.12) ) #242-Ubuntu SMP Fri Apr 16 09:57:56 UTC 2021 (Ubuntu 4.4.0-210.242-generic 4.4.262)
[    0.000000] Command line: BOOT_IMAGE=/boot/vmlinuz-4.4.0-210-generic root=LABEL=cloudimg-rootfs ro console=tty1 console=ttyS0
[    0.000000] KERNEL supported cpus:
[    0.000000]   Intel GenuineIntel
[    0.000000]   AMD AuthenticAMD
[    0.000000]   Centaur CentaurHauls
[    0.000000] [Firmware Bug]: TSC doesn't count with P0 frequency!
[    0.000000] x86/fpu: xstate_offset[2]:  576, xstate_sizes[2]:  256
[    0.000000] x86/fpu: Supporting XSAVE feature 0x01: 'x87 floating point registers'
[    0.000000] x86/fpu: Supporting XSAVE feature 0x02: 'SSE registers'
[    0.000000] x86/fpu: Supporting XSAVE feature 0x04: 'AVX registers'
[    0.000000] x86/fpu: Enabled xstate features 0x7, context size is 832 bytes, using 'standard' format.
[    0.000000] e820: BIOS-provided physical RAM map:
[    0.000000] BIOS-e820: [mem 0x0000000000000000-0x000000000009fbff] usable
[    0.000000] BIOS-e820: [mem 0x000000000009fc00-0x000000000009ffff] reserved
[    0.000000] BIOS-e820: [mem 0x00000000000f0000-0x00000000000fffff] reserved
[    0.000000] BIOS-e820: [mem 0x0000000000100000-0x000000003ffeffff] usable
[    0.000000] BIOS-e820: [mem 0x000000003fff0000-0x000000003fffffff] ACPI data
[    0.000000] BIOS-e820: [mem 0x00000000fec00000-0x00000000fec00fff] reserved
[    0.000000] BIOS-e820: [mem 0x00000000fee00000-0x00000000fee00fff] reserved
[    0.000000] BIOS-e820: [mem 0x00000000fffc0000-0x00000000ffffffff] reserved
[    0.000000] NX (Execute Disable) protection: active
[    0.000000] SMBIOS 2.5 present.
[    0.000000] Hypervisor detected: KVM
[    0.000000] Kernel/User page tables isolation: disabled
[    0.000000] e820: last_pfn = 0x3fff0 max_arch_pfn = 0x400000000
[    0.000000] MTRR: Disabled
[    0.000000] x86/PAT: MTRRs disabled, skipping PAT initialization too.
[    0.000000] CPU MTRRs all blank - virtualized system.
[    0.000000] x86/PAT: Configuration [0-7]: WB  WT  UC- UC  WB  WT  UC- UC  
[    0.000000] found SMP MP-table at [mem 0x0009fff0-0x0009ffff] mapped at [ffff88000009fff0]
[    0.000000] Scanning 1 areas for low memory corruption
[    0.000000] RAMDISK: [mem 0x362dc000-0x37165fff]
[    0.000000] ACPI: Early table checksum verification disabled
[    0.000000] ACPI: RSDP 0x00000000000E0000 000024 (v02 VBOX  )
[    0.000000] ACPI: XSDT 0x000000003FFF0030 00003C (v01 VBOX   VBOXXSDT 00000001 ASL  00000061)
[    0.000000] ACPI: FACP 0x000000003FFF00F0 0000F4 (v04 VBOX   VBOXFACP 00000001 ASL  00000061)
[    0.000000] ACPI: DSDT 0x000000003FFF0470 002325 (v02 VBOX   VBOXBIOS 00000002 INTL 20100528)
[    0.000000] ACPI: FACS 0x000000003FFF0200 000040
[    0.000000] ACPI: FACS 0x000000003FFF0200 000040
[    0.000000] ACPI: APIC 0x000000003FFF0240 00005C (v02 VBOX   VBOXAPIC 00000001 ASL  00000061)
[    0.000000] ACPI: SSDT 0x000000003FFF02A0 0001CC (v01 VBOX   VBOXCPUT 00000002 INTL 20100528)
[    0.000000] No NUMA configuration found
[    0.000000] Faking a node at [mem 0x0000000000000000-0x000000003ffeffff]
[    0.000000] NODE_DATA(0) allocated [mem 0x3ffeb000-0x3ffeffff]
[    0.000000] kvm-clock: Using msrs 4b564d01 and 4b564d00
[    0.000000] kvm-clock: cpu 0, msr 0:3ffe3001, primary cpu clock
[    0.000000] kvm-clock: using sched offset of 3387144980 cycles
[    0.000000] clocksource: kvm-clock: mask: 0xffffffffffffffff max_cycles: 0x1cd42e4dffb, max_idle_ns: 881590591483 ns
[    0.000000] Zone ranges:
[    0.000000]   DMA      [mem 0x0000000000001000-0x0000000000ffffff]
[    0.000000]   DMA32    [mem 0x0000000001000000-0x000000003ffeffff]
[    0.000000]   Normal   empty
[    0.000000]   Device   empty
[    0.000000] Movable zone start for each node
[    0.000000] Early memory node ranges
[    0.000000]   node   0: [mem 0x0000000000001000-0x000000000009efff]
[    0.000000]   node   0: [mem 0x0000000000100000-0x000000003ffeffff]
[    0.000000] Initmem setup node 0 [mem 0x0000000000001000-0x000000003ffeffff]
[    0.000000] ACPI: PM-Timer IO Port: 0x4008
[    0.000000] IOAPIC[0]: apic_id 2, version 32, address 0xfec00000, GSI 0-23
[    0.000000] ACPI: INT_SRC_OVR (bus 0 bus_irq 0 global_irq 2 dfl dfl)
[    0.000000] ACPI: INT_SRC_OVR (bus 0 bus_irq 9 global_irq 9 low level)
[    0.000000] Using ACPI (MADT) for SMP configuration information
[    0.000000] smpboot: Allowing 2 CPUs, 0 hotplug CPUs
[    0.000000] PM: Registered nosave memory: [mem 0x00000000-0x00000fff]
[    0.000000] PM: Registered nosave memory: [mem 0x0009f000-0x0009ffff]
[    0.000000] PM: Registered nosave memory: [mem 0x000a0000-0x000effff]
[    0.000000] PM: Registered nosave memory: [mem 0x000f0000-0x000fffff]
[    0.000000] e820: [mem 0x40000000-0xfebfffff] available for PCI devices
[    0.000000] Booting paravirtualized kernel on KVM
[    0.000000] clocksource: refined-jiffies: mask: 0xffffffff max_cycles: 0xffffffff, max_idle_ns: 7645519600211568 ns
[    0.000000] setup_percpu: NR_CPUS:512 nr_cpumask_bits:512 nr_cpu_ids:2 nr_node_ids:1
[    0.000000] PERCPU: Embedded 33 pages/cpu @ffff88003fc00000 s95192 r8192 d31784 u1048576
[    0.000000] Built 1 zonelists in Node order, mobility grouping on.  Total pages: 257912
[    0.000000] Policy zone: DMA32
[    0.000000] Kernel command line: BOOT_IMAGE=/boot/vmlinuz-4.4.0-210-generic root=LABEL=cloudimg-rootfs ro console=tty1 console=ttyS0
[    0.000000] PID hash table entries: 4096 (order: 3, 32768 bytes)
[    0.000000] Memory: 997792K/1048120K available (8644K kernel code, 1332K rwdata, 4044K rodata, 1492K init, 1164K bss, 50328K reserved, 0K cma-reserved)
[    0.000000] SLUB: HWalign=64, Order=0-3, MinObjects=0, CPUs=2, Nodes=1
[    0.000000] Hierarchical RCU implementation.
[    0.000000] 	Build-time adjustment of leaf fanout to 64.
[    0.000000] 	RCU restricting CPUs from NR_CPUS=512 to nr_cpu_ids=2.
[    0.000000] RCU: Adjusting geometry for rcu_fanout_leaf=64, nr_cpu_ids=2
[    0.000000] NR_IRQS:33024 nr_irqs:440 16
[    0.000000] Console: colour VGA+ 80x25
[    0.000000] console [tty1] enabled
[    0.000000] console [ttyS0] enabled
[    0.000000] tsc: Detected 2595.124 MHz processor
[    0.166186] Calibrating delay loop (skipped) preset value.. 5190.24 BogoMIPS (lpj=10380496)
[    0.168109] pid_max: default: 32768 minimum: 301
[    0.169060] ACPI: Core revision 20150930
[    0.170857] ACPI: 2 ACPI AML tables successfully acquired and loaded
[    0.172154] Security Framework initialized
[    0.172943] Yama: becoming mindful.
[    0.173810] AppArmor: AppArmor initialized
[    0.174867] Dentry cache hash table entries: 131072 (order: 8, 1048576 bytes)
[    0.176494] Inode-cache hash table entries: 65536 (order: 7, 524288 bytes)
[    0.179096] Mount-cache hash table entries: 2048 (order: 2, 16384 bytes)
[    0.180475] Mountpoint-cache hash table entries: 2048 (order: 2, 16384 bytes)
[    0.181921] Initializing cgroup subsys io
[    0.183548] Initializing cgroup subsys memory
[    0.184523] Initializing cgroup subsys devices
[    0.185449] Initializing cgroup subsys freezer
[    0.186363] Initializing cgroup subsys net_cls
[    0.187287] Initializing cgroup subsys perf_event
[    0.188286] Initializing cgroup subsys net_prio
[    0.189303] Initializing cgroup subsys hugetlb
[    0.190335] Initializing cgroup subsys pids
[    0.203688] mce: CPU supports 0 MCE banks
[    0.204625] Last level iTLB entries: 4KB 1024, 2MB 1024, 4MB 512
[    0.205724] Last level dTLB entries: 4KB 1536, 2MB 1536, 4MB 768, 1GB 0
[    0.206979] Spectre V1 : Mitigation: usercopy/swapgs barriers and __user pointer sanitization
[    0.208567] Spectre V2 : Spectre mitigation: LFENCE not serializing, switching to generic retpoline
[    0.210470] Spectre V2 : Mitigation: Full generic retpoline
[    0.211794] Spectre V2 : Spectre v2 / SpectreRSB mitigation: Filling RSB on context switch
[    0.213613] Speculative Store Bypass: Mitigation: Speculative Store Bypass disabled via prctl and seccomp
[    0.218007] Freeing SMP alternatives memory: 36K
[    0.224882] ftrace: allocating 32380 entries in 127 pages
[    0.289936] smpboot: APIC(0) Converting physical 0 to logical package 0
[    0.291226] smpboot: Max logical packages: 1
[    0.292319] x2apic enabled
[    0.293185] Switched APIC routing to physical x2apic.
[    0.295349] ..TIMER: vector=0x30 apic1=0 pin1=2 apic2=-1 pin2=-1
[    0.404650] smpboot: CPU0: AMD Ryzen 3 3200U with Radeon Vega Mobile Gfx (family: 0x17, model: 0x18, stepping: 0x1)
[    0.406859] Performance Events: Broken PMU hardware detected, using software events only.
[    0.408530] Failed to access perfctr msr (MSR c0010007 is 0)
[    0.416173] KVM setup paravirtual spinlock
[    0.418058] x86: Booting SMP configuration:
[    0.419086] .... node  #0, CPUs:      #1
[    0.419999] kvm-clock: cpu 1, msr 0:3ffe3041, secondary cpu clock
[    0.434149] mce: CPU supports 0 MCE banks
[    0.436843] x86: Booted up 1 node, 2 CPUs
[    0.437977] smpboot: Total of 2 processors activated (10380.49 BogoMIPS)
[    0.439910] devtmpfs: initialized
[    0.442374] evm: security.selinux
[    0.443150] evm: security.SMACK64
[    0.443933] evm: security.SMACK64EXEC
[    0.444727] evm: security.SMACK64TRANSMUTE
[    0.445591] evm: security.SMACK64MMAP
[    0.446331] evm: security.ima
[    0.446982] evm: security.capability
[    0.449176] clocksource: jiffies: mask: 0xffffffff max_cycles: 0xffffffff, max_idle_ns: 7645041785100000 ns
[    0.451393] futex hash table entries: 512 (order: 3, 32768 bytes)
[    0.452772] pinctrl core: initialized pinctrl subsystem
[    0.453916] RTC time: 17:13:52, date: 05/15/22
[    0.455282] NET: Registered protocol family 16
[    0.467097] cpuidle: using governor ladder
[    0.480284] cpuidle: using governor menu
[    0.481111] PCCT header not found.
[    0.482310] ACPI: bus type PCI registered
[    0.483584] acpiphp: ACPI Hot Plug PCI Controller Driver version: 0.5
[    0.484978] PCI: Using configuration type 1 for base access
[    0.485918] PCI: Using configuration type 1 for extended access
[    0.497739] ACPI: Added _OSI(Module Device)
[    0.498609] ACPI: Added _OSI(Processor Device)
[    0.499551] ACPI: Added _OSI(3.0 _SCP Extensions)
[    0.500818] ACPI: Added _OSI(Processor Aggregator Device)
[    0.503163] ACPI: Executed 1 blocks of module-level executable AML code
[    0.506698] ACPI: Interpreter enabled
[    0.507415] ACPI: (supports S0 S5)
[    0.508115] ACPI: Using IOAPIC for interrupt routing
[    0.509133] PCI: Using host bridge windows from ACPI; if necessary, use "pci=nocrs" and report a bug
[    0.515351] ACPI: PCI Root Bridge [PCI0] (domain 0000 [bus 00-ff])
[    0.516584] acpi PNP0A03:00: _OSC: OS supports [ExtendedConfig ASPM ClockPM Segments MSI]
[    0.519065] acpi PNP0A03:00: _OSC: platform does not support [PCIeCapability]
[    0.520790] acpi PNP0A03:00: _OSC: not requesting control; platform does not support [PCIeCapability]
[    0.522720] acpi PNP0A03:00: _OSC: OS requested [PCIeHotplug PME AER PCIeCapability]
[    0.524436] acpi PNP0A03:00: _OSC: platform willing to grant [PCIeHotplug PME AER]
[    0.526091] acpi PNP0A03:00: _OSC failed (AE_SUPPORT); disabling ASPM
[    0.527675] PCI host bridge to bus 0000:00
[    0.528556] pci_bus 0000:00: root bus resource [io  0x0000-0x0cf7 window]
[    0.539689] pci_bus 0000:00: root bus resource [io  0x0d00-0xffff window]
[    0.540767] pci_bus 0000:00: root bus resource [mem 0x000a0000-0x000bffff window]
[    0.542122] pci_bus 0000:00: root bus resource [mem 0x40000000-0xfdffffff window]
[    0.543468] pci_bus 0000:00: root bus resource [bus 00-ff]
[    0.546674] pci 0000:00:01.1: legacy IDE quirk: reg 0x10: [io  0x01f0-0x01f7]
[    0.548409] pci 0000:00:01.1: legacy IDE quirk: reg 0x14: [io  0x03f6]
[    0.549879] pci 0000:00:01.1: legacy IDE quirk: reg 0x18: [io  0x0170-0x0177]
[    0.551003] pci 0000:00:01.1: legacy IDE quirk: reg 0x1c: [io  0x0376]
[    0.566373] pci 0000:00:07.0: quirk: [io  0x4000-0x403f] claimed by PIIX4 ACPI
[    0.567886] pci 0000:00:07.0: quirk: [io  0x4100-0x410f] claimed by PIIX4 SMB
[    0.578092] ACPI: PCI Interrupt Link [LNKA] (IRQs 5 9 10 *11)
[    0.579597] ACPI: PCI Interrupt Link [LNKB] (IRQs 5 9 *10 11)
[    0.580940] ACPI: PCI Interrupt Link [LNKC] (IRQs 5 *9 10 11)
[    0.582238] ACPI: PCI Interrupt Link [LNKD] (IRQs 5 9 10 *11)
[    0.583918] ACPI: Enabled 2 GPEs in block 00 to 07
[    0.585178] vgaarb: setting as boot device: PCI:0000:00:02.0
[    0.586139] vgaarb: device added: PCI:0000:00:02.0,decodes=io+mem,owns=io+mem,locks=none
[    0.587593] vgaarb: loaded
[    0.588183] vgaarb: bridge control possible 0000:00:02.0
[    0.589288] SCSI subsystem initialized
[    0.590125] ACPI: bus type USB registered
[    0.590851] usbcore: registered new interface driver usbfs
[    0.591765] usbcore: registered new interface driver hub
[    0.592737] usbcore: registered new device driver usb
[    0.593793] PCI: Using ACPI for IRQ routing
[    0.594844] NetLabel: Initializing
[    0.595497] NetLabel:  domain hash size = 128
[    0.596281] NetLabel:  protocols = UNLABELED CIPSOv4
[    0.597173] NetLabel:  unlabeled traffic allowed by default
[    0.598258] amd_nb: Cannot enumerate AMD northbridges
[    0.599176] clocksource: Switched to clocksource kvm-clock
[    0.607414] AppArmor: AppArmor Filesystem Enabled
[    0.608382] pnp: PnP ACPI init
[    0.609730] pnp: PnP ACPI: found 3 devices
[    0.619777] clocksource: acpi_pm: mask: 0xffffff max_cycles: 0xffffff, max_idle_ns: 2085701024 ns
[    0.621343] NET: Registered protocol family 2
[    0.622252] TCP established hash table entries: 8192 (order: 4, 65536 bytes)
[    0.623311] TCP bind hash table entries: 8192 (order: 5, 131072 bytes)
[    0.624349] TCP: Hash tables configured (established 8192 bind 8192)
[    0.625311] UDP hash table entries: 512 (order: 2, 16384 bytes)
[    0.626204] UDP-Lite hash table entries: 512 (order: 2, 16384 bytes)
[    0.627179] NET: Registered protocol family 1
[    0.628308] pci 0000:00:00.0: Limiting direct PCI/PCI transfers
[    0.629616] pci 0000:00:01.0: Activating ISA DMA hang workarounds
[    0.632296] Unpacking initramfs...
[    0.866776] Freeing initrd memory: 14888K
[    0.868162] clocksource: tsc: mask: 0xffffffffffffffff max_cycles: 0x25683d9e828, max_idle_ns: 440795202126 ns
[    0.870689] platform rtc_cmos: registered platform RTC device (no PNP device found)
[    0.872912] Scanning for low memory corruption every 60 seconds
[    0.874493] audit: initializing netlink subsys (disabled)
[    0.875543] audit: type=2000 audit(1652634837.870:1): initialized
[    0.876967] Initialise system trusted keyring
[    0.878389] HugeTLB registered 2 MB page size, pre-allocated 0 pages
[    0.880445] zbud: loaded
[    0.881344] VFS: Disk quotas dquot_6.6.0
[    0.882071] VFS: Dquot-cache hash table entries: 512 (order 0, 4096 bytes)
[    0.884222] squashfs: version 4.0 (2009/01/31) Phillip Lougher
[    0.886959] fuse init (API version 7.23)
[    0.887948] Key type big_key registered
[    0.888699] Allocating IMA MOK and blacklist keyrings.
[    0.890770] Key type asymmetric registered
[    0.891761] Asymmetric key parser 'x509' registered
[    0.892805] Block layer SCSI generic (bsg) driver version 0.4 loaded (major 249)
[    0.894260] io scheduler noop registered
[    0.895031] io scheduler deadline registered (default)
[    0.895992] io scheduler cfq registered
[    0.896979] pci_hotplug: PCI Hot Plug PCI Core version: 0.5
[    0.897985] pciehp: PCI Express Hot Plug Controller Driver version: 0.4
[    0.899782] ACPI: AC Adapter [AC] (on-line)
[    0.900847] input: Power Button as /devices/LNXSYSTM:00/LNXPWRBN:00/input/input0
[    0.902207] ACPI: Power Button [PWRF]
[    0.902956] input: Sleep Button as /devices/LNXSYSTM:00/LNXSLPBN:00/input/input1
[    0.904579] ACPI: Sleep Button [SLPF]
[    0.905602] GHES: HEST is not enabled!
[    0.906477] ACPI: Battery Slot [BAT0] (battery present)
[    0.907945] Serial: 8250/16550 driver, 32 ports, IRQ sharing enabled
[    0.929578] 00:02: ttyS0 at I/O 0x3f8 (irq = 4, base_baud = 115200) is a 16550A
[    0.933922] Linux agpgart interface v0.103
[    0.937097] loop: module loaded
[    0.938450] scsi host0: ata_piix
[    0.939328] scsi host1: ata_piix
[    0.940171] ata1: PATA max UDMA/33 cmd 0x1f0 ctl 0x3f6 bmdma 0xd000 irq 14
[    0.941386] ata2: PATA max UDMA/33 cmd 0x170 ctl 0x376 bmdma 0xd008 irq 15
[    0.942891] libphy: Fixed MDIO Bus: probed
[    0.943743] tun: Universal TUN/TAP device driver, 1.6
[    0.944567] tun: (C) 1999-2004 Max Krasnyansky <maxk@qualcomm.com>
[    0.945621] PPP generic driver version 2.4.2
[    0.946459] ehci_hcd: USB 2.0 'Enhanced' Host Controller (EHCI) Driver
[    0.947767] ehci-pci: EHCI PCI platform driver
[    0.948685] ehci-platform: EHCI generic platform driver
[    0.949986] ohci_hcd: USB 1.1 'Open' Host Controller (OHCI) Driver
[    0.951278] ohci-pci: OHCI PCI platform driver
[    0.952153] ohci-platform: OHCI generic platform driver
[    0.953131] uhci_hcd: USB Universal Host Controller Interface driver
[    0.954269] i8042: PNP: PS/2 Controller [PNP0303:PS2K,PNP0f03:PS2M] at 0x60,0x64 irq 1,12
[    0.956388] serio: i8042 KBD port at 0x60,0x64 irq 1
[    0.957378] serio: i8042 AUX port at 0x60,0x64 irq 12
[    0.958535] mousedev: PS/2 mouse device common for all mice
[    0.960049] input: AT Translated Set 2 keyboard as /devices/platform/i8042/serio0/input/input2
[    0.962156] rtc_cmos rtc_cmos: rtc core: registered rtc_cmos as rtc0
[    0.963504] rtc_cmos rtc_cmos: alarms up to one day, 114 bytes nvram
[    0.964653] i2c /dev entries driver
[    0.965393] device-mapper: uevent: version 1.0.3
[    0.966528] device-mapper: ioctl: 4.34.0-ioctl (2015-10-28) initialised: dm-devel@redhat.com
[    0.968120] ledtrig-cpu: registered to indicate activity on CPUs
[    0.969692] NET: Registered protocol family 10
[    0.970859] NET: Registered protocol family 17
[    0.971786] Key type dns_resolver registered
[    0.972998] registered taskstats version 1
[    0.973738] Loading compiled-in X.509 certificates
[    0.975022] Loaded X.509 cert 'Build time autogenerated kernel key: cf00e047681d67edb2720680708b7d9498083038'
[    0.976935] zswap: loaded using pool lzo/zbud
[    0.979768] Key type trusted registered
[    0.983924] Key type encrypted registered
[    0.984889] AppArmor: AppArmor sha1 policy hashing enabled
[    0.985992] ima: No TPM chip found, activating TPM-bypass!
[    0.986946] ima: Allocated hash algorithm: sha1
[    0.987832] evm: HMAC attrs: 0x1
[    0.988795]   Magic number: 6:93:239
[    0.989560] rtc_cmos rtc_cmos: setting system clock to 2022-05-15 17:13:53 UTC (1652634833)
[    0.991447] BIOS EDD facility v0.16 2004-Jun-25, 0 devices found
[    0.992728] EDD information not available.
[    1.121481] Freeing unused kernel memory: 1492K
[    1.122676] Write protecting the kernel read-only data: 14336k
[    1.124653] Freeing unused kernel memory: 1584K
[    1.125871] Freeing unused kernel memory: 52K
Loading, please wait...
starting version 229
[    1.139909] random: systemd-udevd: uninitialized urandom read (16 bytes read, 3 bits of entropy available)
[    1.140764] random: udevadm: uninitialized urandom read (16 bytes read, 3 bits of entropy available)
[    1.140791] random: udevadm: uninitialized urandom read (16 bytes read, 3 bits of entropy available)
[    1.151582] random: systemd-udevd: uninitialized urandom read (16 bytes read, 3 bits of entropy available)
[    1.153675] random: systemd-udevd: uninitialized urandom read (16 bytes read, 3 bits of entropy available)
[    1.154252] random: udevadm: uninitialized urandom read (16 bytes read, 3 bits of entropy available)
[    1.154328] random: udevadm: uninitialized urandom read (16 bytes read, 3 bits of entropy available)
[    1.154530] random: udevadm: uninitialized urandom read (16 bytes read, 3 bits of entropy available)
[    1.154595] random: udevadm: uninitialized urandom read (16 bytes read, 3 bits of entropy available)
[    1.154663] random: udevadm: uninitialized urandom read (16 bytes read, 3 bits of entropy available)
[    1.219061] e1000: Intel(R) PRO/1000 Network Driver - version 7.3.21-k8-NAPI
[    1.220640] e1000: Copyright (c) 1999-2006 Intel Corporation.
[    1.225933] Fusion MPT base driver 3.04.20
[    1.227162] Copyright (c) 1999-2008 LSI Corporation
[    1.236222] Fusion MPT SPI Host driver 3.04.20
[    1.253735] AVX2 version of gcm_enc/dec engaged.
[    1.254773] AES CTR mode by8 optimization enabled
[    1.435783] input: ImExPS/2 Generic Explorer Mouse as /devices/platform/i8042/serio1/input/input4
[    1.624931] e1000 0000:00:03.0 eth0: (PCI:33MHz:32-bit) 02:be:82:6b:cc:1d
[    1.626187] e1000 0000:00:03.0 eth0: Intel(R) PRO/1000 Network Connection
[    1.628118] mptbase: ioc0: Initiating bringup
[    1.959819] ioc0: LSI53C1030 A0: Capabilities={Initiator}
[    3.228815] scsi host2: ioc0: LSI53C1030 A0, FwRev=00000000h, Ports=1, MaxQ=256, IRQ=20
[    3.344317] scsi 2:0:0:0: Direct-Access     VBOX     HARDDISK         1.0  PQ: 0 ANSI: 5
[    3.346799] scsi target2:0:0: Beginning Domain Validation
[    3.363826] scsi target2:0:0: Domain Validation skipping write tests
[    3.365290] scsi target2:0:0: Ending Domain Validation
[    3.366797] scsi target2:0:0: asynchronous
[    3.368660] scsi 2:0:1:0: Direct-Access     VBOX     HARDDISK         1.0  PQ: 0 ANSI: 5
[    3.370991] scsi target2:0:1: Beginning Domain Validation
[    3.373940] scsi target2:0:1: Domain Validation skipping write tests
[    3.375371] scsi target2:0:1: Ending Domain Validation
[    3.376881] scsi target2:0:1: asynchronous
[    3.393662] sd 2:0:0:0: Attached scsi generic sg0 type 0
[    3.395478] sd 2:0:0:0: [sda] 83886080 512-byte logical blocks: (42.9 GB/40.0 GiB)
[    3.400073] sd 2:0:1:0: Attached scsi generic sg1 type 0
[    3.402029] sd 2:0:1:0: [sdb] 20480 512-byte logical blocks: (10.5 MB/10.0 MiB)
[    3.404050] sd 2:0:0:0: [sda] Write Protect is off
[    3.405687] sd 2:0:1:0: [sdb] Write Protect is off
[    3.407147] sd 2:0:0:0: [sda] Incomplete mode parameter data
[    3.408338] sd 2:0:0:0: [sda] Assuming drive cache: write through
[    3.409693] sd 2:0:1:0: [sdb] Incomplete mode parameter data
[    3.411038] sd 2:0:1:0: [sdb] Assuming drive cache: write through
[    3.479612]  sda: sda1
[    3.481462] sd 2:0:0:0: [sda] Attached SCSI disk
[    3.483519] sd 2:0:1:0: [sdb] Attached SCSI disk
[    3.807099] e1000 0000:00:08.0 eth1: (PCI:33MHz:32-bit) 08:00:27:6f:80:2a
[    3.808895] e1000 0000:00:08.0 eth1: Intel(R) PRO/1000 Network Connection
[    3.811622] e1000 0000:00:08.0 enp0s8: renamed from eth1
[    3.824346] e1000 0000:00:03.0 enp0s3: renamed from eth0
Begin: Loading essential drivers ... [    5.307572] md: linear personality registered for level -1
[    5.313090] md: multipath personality registered for level -4
[    5.317802] md: raid0 personality registered for level 0
[    5.326276] md: raid1 personality registered for level 1
[    5.399919] raid6: sse2x1   gen()  6194 MB/s
[    5.468187] raid6: sse2x1   xor()  3687 MB/s
[    5.535685] raid6: sse2x2   gen()  9828 MB/s
[    5.603303] raid6: sse2x2   xor()  5568 MB/s
[    5.671950] raid6: sse2x4   gen()  8071 MB/s
[    5.740890] raid6: sse2x4   xor()  5607 MB/s
[    5.808512] raid6: avx2x1   gen() 12117 MB/s
[    5.877052] raid6: avx2x2   gen() 13794 MB/s
[    5.943408] raid6: avx2x4   gen() 12882 MB/s
[    5.944416] raid6: using algorithm avx2x2 gen() 13794 MB/s
[    5.945570] raid6: using avx2x2 recovery algorithm
[    5.948133] xor: automatically using best checksumming function:
[    5.988033]    avx       :  9089.000 MB/sec
[    5.992887] async_tx: api initialized (async)
[    6.006187] md: raid6 personality registered for level 6
[    6.007625] md: raid5 personality registered for level 5
[    6.008930] md: raid4 personality registered for level 4
[    6.019168] md: raid10 personality registered for level 10
done.
Begin: Running /scripts/init-premount ... done.
Begin: Mounting root file system ... Begin: Running /scripts/local-top ... done.
Begin: Running /scripts/local-premount ... [    6.061499] Btrfs loaded
Scanning for Btrfs filesystems
done.
Warning: fsck not present, so skipping root file system
[    6.177052] EXT4-fs (sda1): mounted filesystem with ordered data mode. Opts: (null)
done.
Begin: Running /scripts/local-bottom ... done.
Begin: Running /scripts/init-bottom ... done.
[    6.330908] systemd[1]: systemd 229 running in system mode. (+PAM +AUDIT +SELINUX +IMA +APPARMOR +SMACK +SYSVINIT +UTMP +LIBCRYPTSETUP +GCRYPT +GNUTLS +ACL +XZ -LZ4 +SECCOMP +BLKID +ELFUTILS +KMOD -IDN)
[    6.336097] systemd[1]: Detected virtualization oracle.
[    6.337339] systemd[1]: Detected architecture x86-64.

Welcome to [1mUbuntu 16.04.7 LTS[0m!

[    6.342186] systemd[1]: Set hostname to <ubuntu>.
[    6.346845] systemd[1]: Initializing machine ID from random generator.
[    6.349472] systemd[1]: Installed transient /etc/machine-id file.
[    6.495225] systemd[1]: Reached target Encrypted Volumes.
[[0;32m  OK  [0m] Reached target Encrypted Volumes.
[    6.497469] systemd[1]: Reached target Swap.
[[0;32m  OK  [0m] Reached target Swap.
[    6.499331] systemd[1]: Listening on Device-mapper event daemon FIFOs.
[[0;32m  OK  [0m] Listening on Device-mapper event daemon FIFOs.
[    6.501793] systemd[1]: Listening on udev Control Socket.
[[0;32m  OK  [0m] Listening on udev Control Socket.
[    6.504241] systemd[1]: Set up automount Arbitrary Executable File Formats File System Automount Point.
[[0;32m  OK  [0m] Set up automount Arbitrary Executab...ats File System Automount Point.
[    6.507831] systemd[1]: Listening on udev Kernel Socket.
[[0;32m  OK  [0m] Listening on udev Kernel Socket.
[    6.510043] systemd[1]: Listening on LVM2 metadata daemon socket.
[[0;32m  OK  [0m] Listening on LVM2 metadata daemon socket.
[    6.512656] systemd[1]: Created slice System Slice.
[[0;32m  OK  [0m] Created slice System Slice.
[    6.515124] systemd[1]: Created slice system-serial\x2dgetty.slice.
[[0;32m  OK  [0m] Created slice system-serial\x2dgetty.slice.
[    6.517409] systemd[1]: Listening on fsck to fsckd communication Socket.
[[0;32m  OK  [0m] Listening on fsck to fsckd communication Socket.
[    6.519921] systemd[1]: Started Trigger resolvconf update for networkd DNS.
[[0;32m  OK  [0m] Started Trigger resolvconf update for networkd DNS.
[    6.522800] systemd[1]: Listening on Syslog Socket.
[[0;32m  OK  [0m] Listening on Syslog Socket.
[    6.524737] systemd[1]: Listening on Journal Socket.
[[0;32m  OK  [0m] Listening on Journal Socket.
[    6.543705] systemd[1]: Starting Set console keymap...
         Starting Set console keymap...
[    6.548609] systemd[1]: Starting File System Check on Root Device...
         Starting File System Check on Root Device...
[    6.553546] systemd[1]: Starting Create list of required static device nodes for the current kernel...
         Starting Create list of required st... nodes for the current kernel...
[    6.559698] systemd[1]: Starting Uncomplicated firewall...
         Starting Uncomplicated firewall...
[    6.564433] systemd[1]: Mounting POSIX Message Queue File System...
         Mounting POSIX Message Queue File System...
[    6.567486] systemd[1]: Listening on LVM2 poll daemon socket.
[[0;32m  OK  [0m] Listening on LVM2 poll daemon socket.
[    6.571182] systemd[1]: Listening on /dev/initctl Compatibility Named Pipe.
[[0;32m  OK  [0m] Listening on /dev/initctl Compatibility Named Pipe.
[    6.574327] systemd[1]: Listening on Journal Audit Socket.
[[0;32m  OK  [0m] Listening on Journal Audit Socket.
[    6.577675] systemd[1]: Mounting Huge Pages File System...
         Mounting Huge Pages File System...
[    6.580778] systemd[1]: Starting Monitoring of LVM2 mirrors, snapshots etc. using dmeventd or progress polling...
         Starting Monitoring of LVM2 mirrors... dmeventd or progress polling...
[    6.587208] systemd[1]: Started Forward Password Requests to Wall Directory Watch.
[[0;32m  OK  [0m] Started Forward Password Requests to Wall Directory Watch.
[    6.590659] systemd[1]: Reached target System Time Synchronized.
[[0;32m  OK  [0m] Reached target System Time Synchronized.
[    6.605547] systemd[1]: Starting Load Kernel Modules...
         Starting Load Kernel Modules...
[    6.609624] systemd[1]: Mounting Debug File System...
         Mounting Debug File System...
[    6.613641] systemd[1]: Listening on Journal Socket (/dev/log).
[[0;32m  OK  [0m] Listening on Journal Socket (/dev/log).
[    6.616742] systemd[1]: Starting Journal Service...
         Starting Journal Service...
[    6.618676] systemd[1]: Reached target User and Group Name Lookups.
[[0;32m  OK  [0m] Reached target User and Group Name Lookups.
[    6.621265] Loading iSCSI transport class v2.0-870.
[    6.621895] systemd[1]: Starting Nameserver information manager...
         Starting Nameserver information manager...
[    6.625127] systemd[1]: Created slice User and Session Slice.
[[0;32m  OK  [0m] Created slice User and Session Slice.
[    6.628906] systemd[1]: Reached target Slices.
[[0;32m  OK  [0m] Reached target Slices.
[    6.632872] systemd[1]: Mounted Huge Pages File System.
[[0;32m  OK  [0m] Mounted Huge Pages File System.
[    6.635061] systemd[1]: Mounted POSIX Message Queue File System.
[[0;32m  OK  [0m] Mounted POSIX Message Queue File[    6.637186] iscsi: registered transport (tcp)
 System.
[    6.638489] systemd[1]: Mounted Debug File System.
[[0;32m  OK  [0m] Mounted Debug File System.
[    6.644725] systemd[1]: Started Set console keymap.
[[0;32m  OK  [0m] Started Set console keymap.
[    6.647439] systemd[1]: Started File System Check on Root Device.
[[0;32m  OK  [0m] Started File System Check on Root Device.
[    6.650289] systemd[1]: Started Create list of required static device nodes for the current kernel.
[[0;32m  OK  [0m] Started Create list of required sta...ce nodes for the current kernel.
[    6.654089] systemd[1]: Started Uncomplicated firewall.
[[0;32m  OK  [0m] Started Uncomplicated firewall.
[    6.669810] iscsi: registered transport (iser)
[    6.670243] systemd[1]: Started LVM2 metadata daemon.
[[0;32m  OK  [0m] Started LVM2 metadata daemon.
[    6.674323] systemd[1]: Started File System Check Daemon to report status.
[[0;32m  OK  [0m] Started File System Check Daemon to report status.
[    6.678659] systemd[1]: Starting Create Static Device Nodes in /dev...
         Starting Create Static Device Nodes in /dev...
[    6.681758] systemd[1]: Starting Remount Root and Kernel File Systems...
         Starting Remount Root and Kernel File Systems...
[    6.685078] systemd[1]: Started Journal Service.
[    6.686126] EXT4-fs (sda1): re-mounted. Opts: (null)
[[0;32m  OK  [0m] Started Journal Service.
[[0;32m  OK  [0m] Started Load Kernel Modules.
[[0;32m  OK  [0m] Started Nameserver information manager.
[[0;32m  OK  [0m] Started Remount Root and Kernel File Systems.
         Starting udev Coldplug all Devices...
         Starting Load/Save Random Seed...
         Mounting FUSE Control File System...[    6.702041] random: nonblocking pool is initialized

         Starting Apply Kernel Variables...
         Starting Flush Journal to Persistent Storage...
[[0;32m  OK  [0m] Mounted FUSE Control File System.
[[0;32m  OK  [0m] Started Create Static Device Nodes in /dev.
[[0;32m  OK  [0m] Started Load/Save Random Seed.
         Starting udev Kernel Device Manager...
[[0;32m  OK  [0m] Started Apply Kernel Variables.
[[0;32m  OK  [0m] Started Flush Journal to Persistent Storage.
[[0;32m  OK  [0m] Started Monitoring of LVM2 mirrors,...ng dmeventd or progress polling.
[[0;32m  OK  [0m] Reached target Local File Systems (Pre).
[[0;32m  OK  [0m] Reached target Local File Systems.
         Starting Commit a transient machine-id on disk...
         Starting Set console font and keymap...
         Starting Initial cloud-init job (pre-networking)...
         Starting LSB: AppArmor initialization...
         Starting Create Volatile Files and Directories...
         Starting Tell Plymouth To Write Out Runtime Data...
[[0;32m  OK  [0m] Started Create Volatile Files and Directories.
         Starting Update UTMP about System Boot/Shutdown...
[[0;32m  OK  [0m] Started Commit a transient machine-id on disk.
[[0;32m  OK  [0m] Started udev Coldplug all Devices.
[[0;32m  OK  [0m] Started Update UTMP about System Boot/Shutdown.
[[0;32m  OK  [0m] Started Tell Plymouth To Write Out Runtime Data.
[[0;32m  OK  [0m] Started udev Kernel Device Manager.
[[0;32m  OK  [0m] Started Dispatch Password Requests to Console Directory Watch.
[[0;32m  OK  [0m] Found device /dev/ttyS0.
[[0;32m  OK  [0m] Listening on Load/Save RF Kill Switch Status /dev/rfkill Watch.
[[0;32m  OK  [0m] Started LSB: AppArmor initialization.
[    8.015172] cloud-init[490]: Cloud-init v. 21.1-19-gbad84ad4-0ubuntu1~16.04.2 running 'init-local' at Sun, 15 May 2022 17:14:00 +0000. Up 7.51 seconds.
         Starting Load AppArmor profiles managed internally by snapd...
[[0;32m  OK  [0m] Started Load AppArmor profiles managed internally by snapd.
[[0;32m  OK  [0m] Started Initial cloud-init job (pre-networking).
[[0;32m  OK  [0m] Reached target Network (Pre).
         Starting Raise network interfaces...
[[0;32m  OK  [0m] Started Set console font and keymap.
[[0;32m  OK  [0m] Created slice system-getty.slice.
[[0;32m  OK  [0m] Started Raise network interfaces.
[[0;32m  OK  [0m] Reached target Network.
         Starting Initial cloud-init job (metadata service crawler)...
[    9.324010] cloud-init[975]: Cloud-init v. 21.1-19-gbad84ad4-0ubuntu1~16.04.2 running 'init' at Sun, 15 May 2022 17:14:01 +0000. Up 8.71 seconds.
[    9.326693] cloud-init[975]: ci-info: ++++++++++++++++++++++++++++++++++++++Net device info+++++++++++++++++++++++++++++++++++++++
[    9.329315] cloud-init[975]: ci-info: +--------+-------+----------------------------+---------------+--------+-------------------+
[    9.331314] cloud-init[975]: ci-info: | Device |   Up  |          Address           |      Mask     | Scope  |     Hw-Address    |
[    9.341275] cloud-init[975]: ci-info: +--------+-------+----------------------------+---------------+--------+-------------------+
[    9.343280] cloud-init[975]: ci-info: | enp0s3 |  True |         10.0.2.15          | 255.255.255.0 | global | 02:be:82:6b:cc:1d |
[    9.345567] cloud-init[975]: ci-info: | enp0s3 |  True | fe80::be:82ff:fe6b:cc1d/64 |       .       |  link  | 02:be:82:6b:cc:1d |
[    9.347080] cloud-init[975]: ci-info: | enp0s8 | False |             .              |       .       |   .    | 08:00:27:6f:80:2a |
[    9.348964] cloud-init[975]: ci-info: |   lo   |  True |         127.0.0.1          |   255.0.0.0   |  host  |         .         |
[    9.350751] cloud-init[975]: ci-info: |   lo   |  True |          ::1/128           |       .       |  host  |         .         |
[    9.352148] cloud-init[975]: ci-info: +--------+-------+----------------------------+---------------+--------+-------------------+
[    9.355127] cloud-init[975]: ci-info: +++++++++++++++++++++++++++Route IPv4 info++++++++++++++++++++++++++++
[    9.364790] cloud-init[975]: ci-info: +-------+-------------+----------+---------------+-----------+-------+
[    9.366436] cloud-init[975]: ci-info: | Route | Destination | Gateway  |    Genmask    | Interface | Flags |
[    9.372684] cloud-init[975]: ci-info: +-------+-------------+----------+---------------+-----------+-------+
[    9.380508] cloud-init[975]: ci-info: |   0   |   0.0.0.0   | 10.0.2.2 |    0.0.0.0    |   enp0s3  |   UG  |
[    9.381713] cloud-init[975]: ci-info: |   1   |   10.0.2.0  | 0.0.0.0  | 255.255.255.0 |   enp0s3  |   U   |
[    9.382875] cloud-init[975]: ci-info: +-------+-------------+----------+---------------+-----------+-------+
[    9.384032] cloud-init[975]: ci-info: +++++++++++++++++++Route IPv6 info+++++++++++++++++++
[    9.385067] cloud-init[975]: ci-info: +-------+-------------+---------+-----------+-------+
[    9.393240] cloud-init[975]: ci-info: | Route | Destination | Gateway | Interface | Flags |
[    9.394637] cloud-init[975]: ci-info: +-------+-------------+---------+-----------+-------+
[    9.396694] cloud-init[975]: ci-info: |   0   |  fe80::/64  |    ::   |   enp0s3  |   U   |
[    9.397004] cloud-init[975]: ci-info: |   3   |   ff00::/8  |    ::   |   enp0s3  |   U   |
[[    9.399361] cloud-init[975]: ci-info: +-------+-------------+---------+-----------+-------+
[    9.399473] cloud-init[975]: Generating public/private rsa key pair.
[    9.401071] cloud-init[975]: Your identification has been saved in /etc/ssh/ssh_host_rsa_key.
[    9.401647] cloud-init[975]: Your public key has been saved in /etc/ssh/ssh_host_rsa_key.pub.
[    9.403104] cloud-init[975]: The key fingerprint is:
[    9.404008] cloud-init[975]: SHA256:g2X4YWkQadC6r7VC+OkD9bemRyoUxqz0Mgpsc7jswlM root@ubuntu-xenial
[    9.404344] cloud-init[975]: The key's randomart image is:
[    9.405360] cloud-init[975]: +---[RSA 2048]----+
[    9.405751] cloud-init[975]: |    .ooo         |
[    9.406308] cloud-init[975]: |      +o .       |
[    9.406639] cloud-init[975]: |   o o. B        |
[    9.407212] cloud-init[975]: |  . B  B .       |
[    9.407577] cloud-init[975]: |...* +. S        |
[    9.408120] cloud-init[975]: |.=*E= . o.       |
[    9.408460] cloud-init[975]: |=.=B o.+ .       |
[    9.409051] cloud-init[975]: |o=  *.o.+        |
[    9.409416] cloud-init[975]: |o...o=o+         |
[    9.409923] cloud-init[975]: +----[SHA256]-----+
[    9.410195] cloud-init[975]: Generating public/private dsa key pair.
[    9.410810] cloud-init[975]: Your identification has been saved in /etc/ssh/ssh_host_dsa_key.
[    9.411527] cloud-init[975]: Your public key has been saved in /etc/ssh/ssh_host_dsa_key.pub.
[    9.412301] cloud-init[975]: The key fingerprint is:
[0;32m  OK  [0m] Started Initial cloud-init job (metadata service crawler).
[[0;32m  OK  [0m] Reached target System Initialization.
[[0;32m  OK  [0m] Listening on UUID daemon activation socket.
[    9.412986] cloud-init[975]: SHA256:scEcAbwQtL2prXz1oj+Yl/ojuCJHpRFQtswiNCybTO8 root@ubuntu-xenial
[[0;32m  OK  [0m[    9.417171] cloud-init[975]: The key's randomart image is:
[    9.417415] cloud-init[975]: +---[DSA 1024]----+
[    9.418097] cloud-init[975]: |o=o.oo..o.       |
] [    9.418852] cloud-init[975]: |o*o..o.o .       |
[    9.418931] cloud-init[975]: |*o=.....=        |
[    9.419542] cloud-init[975]: |+o... .o +       |
[    9.419871] cloud-init[975]: |  .+  o S        |
[    9.420457] cloud-init[975]: |  oE o  .        |
[    9.420775] cloud-init[975]: | .  ...+ o       |
[    9.421199] cloud-init[975]: |. o...= * .      |
[    9.421883] cloud-init[975]: | o .+ooBo+       |
[    9.422342] cloud-init[975]: +----[SHA256]-----+
[    9.422838] cloud-init[975]: Generating public/private ecdsa key pair.
[    9.423488] cloud-init[975]: Your identification has been saved in /etc/ssh/ssh_host_ecdsa_key.
[    9.423900] cloud-init[975]: Your public key has been saved in /etc/ssh/ssh_host_ecdsa_key.pub.
[    9.424980] cloud-init[975]: The key fingerprint is:
[    9.425741] cloud-init[975]: SHA256:1r8QJgeAB6ByooMZ6bs54PaVi9EWsDaLneDXlFroC7w root@ubuntu-xenial
[    9.426128] cloud-init[975]: The key's randomart image is:
[    9.427147] cloud-init[975]: +---[ECDSA 256]---+
[    9.427459] cloud-init[975]: |  ...o.          |
[    9.428074] cloud-init[975]: | o  . ..         |
[    9.428411] cloud-init[975]: |* .. .  .        |
[    9.429012] cloud-init[975]: |==  + .  o       |
[    9.429358] cloud-init[975]: |=o = =  S =      |
[    9.429571] cloud-init[975]: |+.B X o. + o     |
[    9.429619] cloud-init[975]: |o* O *    . .    |
[    9.430979] cloud-init[975]: | +* * .    . .   |
[    9.431158] cloud-init[975]: |.Eo+ .      .    |
[    9.431748] cloud-init[975]: +----[SHA256]-----+
[    9.432234] cloud-init[975]: Generating public/private ed25519 key pair.
[    9.432484] cloud-init[975]: Your identification has been saved in /etc/ssh/ssh_host_ed25519_key.
[    9.433165] cloud-init[975]: Your public key has been saved in /etc/ssh/ssh_host_ed25519_key.pub.
[    9.434623] cloud-init[975]: The key fingerprint is:
[    9.434742] cloud-init[975]: SHA256:NnhCYq+vFhc9yTxNVcMFNmJ5TpZO+rwh+o1dIx95zA0 root@ubuntu-xenial
[    9.435447] cloud-init[975]: The key's randomart image is:
[    9.436474] cloud-init[975]: +--[ED25519 256]--+
[    9.436813] cloud-init[975]: |           .++*+.|
[    9.437457] cloud-init[975]: |          ...oBo |
[    9.437889] cloud-init[975]: |    o .+ +   O   |
[    9.438184] cloud-init[975]: |   . +..B . . o  |
[    9.438778] cloud-init[975]: |      +.So   oE  |
[    9.439301] cloud-init[975]: |    ...+ .  . ++o|
[    9.439635] cloud-init[975]: |    .o     . o **|
[    9.440150] cloud-init[975]: |    ..    .  ++.+|
[    9.440519] cloud-init[975]: |   ....    .o o. |
[    9.441135] cloud-init[975]: +----[SHA256]-----+
Started Message of the Day.
[[0;32m  OK  [0m] Started ACPI Events Check.
[[0;32m  OK  [0m] Reached target Paths.
[[0;32m  OK  [0m] Started Daily apt download activities.
[[0;32m  OK  [0m] Listening on D-Bus System Message Bus Socket.
         Starting LXD - unix socket.
         Starting Socket activation for snappy daemon.
[[0;32m  OK  [0m] Started Daily apt upgrade and clean activities.
[[0;32m  OK  [0m] Listening on ACPID Listen Socket.
[[0;32m  OK  [0m] Started Ubuntu Advantage update messaging.
[[0;32m  OK  [0m] Started Daily Cleanup of Temporary Directories.
[[0;32m  OK  [0m] Reached target Timers.
[[0;32m  OK  [0m] Reached target Cloud-config availability.
[[0;32m  OK  [0m] Reached target Network is Online.
         Starting iSCSI initiator daemon (iscsid)...
[[0;32m  OK  [0m] Listening on LXD - unix socket.
[[0;32m  OK  [0m] Listening on Socket activation for snappy daemon.
[[0;32m  OK  [0m] Reached target Sockets.
[[0;32m  OK  [0m] Reached target Basic System.
         Starting LSB: Record successful boot for GRUB...
         Starting Pollinate to seed the pseudo random number generator...
[[0;32m  OK  [0m] Started FUSE filesystem for LXC.
         Starting Virtualbox guest utils...
         Starting Accounts Service...
         Starting Snap Daemon...
         Starting System Logging Service...
[[0;32m  OK  [0m] Started Deferred execution scheduler.
         Starting LXD - container startup/shutdown...
         Starting Login Service...
         Starting /etc/rc.local Compatibility...
[[0;32m  OK  [0m] Started ACPI event daemon.
[[0;32m  OK  [0m] Started D-Bus System Message Bus.
         Starting LSB: MD monitoring daemon...
[[0;32m  OK  [0m] Started Regular background program processing daemon.
[[0;32m  OK  [0m] Started System Logging Service.
[[0;32m  OK  [0m] Started /etc/rc.local Compatibility.
[[0;32m  OK  [0m] Started iSCSI initiator daemon (iscsid).
[[0;32m  OK  [0m] Started Login Service.
[[0;32m  OK  [0m] Started Unattended Upgrades Shutdown.
         Starting Authenticate and Authorize Users to Run Privileged Tasks...
         Starting Login to default iSCSI targets...
[[0;32m  OK  [0m] Started LSB: Record successful boot for GRUB.
[[0;32m  OK  [0m] Started LSB: MD monitoring daemon.
[[0;32m  OK  [0m] Started Login to default iSCSI targets.
[[0;32m  OK  [0m] Reached target Remote File Systems (Pre).
[[0;32m  OK  [0m] Reached target Remote File Systems.
         Starting Permit User Sessions...
         Starting LSB: Set the CPU Frequency Scaling governor to "ondemand"...
         Starting LSB: daemon to balance interrupts for SMP systems...
         Starting LSB: automatic crash report generation...
[[0;32m  OK  [0m] Started Permit User Sessions.
[[0;32m  OK  [0m] Started Authenticate and Authorize Users to Run Privileged Tasks.
[[0;32m  OK  [0m] Started LXD - container startup/shutdown.
[[0;32m  OK  [0m] Started Accounts Service.
         Starting Hold until boot process finishes up...
         Starting Terminate Plymouth Boot Screen...
[[0;32m  OK  [0m] Started LSB: Set the CPU Frequency Scaling governor to "ondemand".
[[0;32m  OK  [0m] Started Hold until boot process finishes up.
[[0;32m  OK  [0m] Started Terminate Plymouth Boot Screen.
[[0;32m  OK  [0m] Started Getty on tty1.
[[0;32m  OK  [0m] Started Serial Getty on ttyS0.
[[0;32m  OK  [0m] Reached target Login Prompts.
         Starting Set console scheme...
[[0;32m  OK  [0m] Started Set console scheme.
[[0;32m  OK  [0m] Started LSB: daemon to balance interrupts for SMP systems.
[[0;32m  OK  [0m] Started LSB: automatic crash report generation.
[[0;32m  OK  [0m] Started Virtualbox guest utils.
[[0;32m  OK  [0m] Started Snap Daemon.
         Starting Wait until snapd is fully seeded...
[[0;32m  OK  [0m] Started Pollinate to seed the pseudo random number generator.
         Starting OpenBSD Secure Shell server...
[[0;32m  OK  [0m] Started OpenBSD Secure Shell server.
[[0;32m  OK  [0m] Started Wait until snapd is fully seeded.
         Starting Apply the settings specified in cloud-config...
[[0;32m  OK  [0m] Reached target Multi-User System.
[[0;32m  OK  [0m] Reached target Graphical Interface.
         Starting Update UTMP about System Runlevel Changes...
[[0;32m  OK  [0m] Started Update UTMP about System Runlevel Changes.
[   11.430605] cloud-init[1317]: Generating locales (this might take a while)...
[   12.134927] cloud-init[1317]:   en_US.UTF-8... done
[   12.137899] cloud-init[1317]: Generation complete.
[[0;32m  OK  [0m] Created slice User Slice of vagrant.
         Starting User Manager for UID 1000...
[[0;32m  OK  [0m] Started Session 1 of user vagrant.
[[0;32m  OK  [0m] Started User Manager for UID 1000.
[   12.491735] cloud-init[1317]: Cloud-init v. 21.1-19-gbad84ad4-0ubuntu1~16.04.2 running 'modules:config' at Sun, 15 May 2022 17:14:04 +0000. Up 11.32 seconds.
[[0;32m  OK  [0m] Started Apply the settings specified in cloud-config.
         Starting Execute cloud user/final scripts...
ci-info: no authorized SSH keys fingerprints found for user ubuntu.
<14>May 15 17:14:05 ec2: 
<14>May 15 17:14:05 ec2: #############################################################
<14>May 15 17:14:05 ec2: -----BEGIN SSH HOST KEY FINGERPRINTS-----
<14>May 15 17:14:05 ec2: 1024 SHA256:scEcAbwQtL2prXz1oj+Yl/ojuCJHpRFQtswiNCybTO8 root@ubuntu-xenial (DSA)
<14>May 15 17:14:05 ec2: 256 SHA256:1r8QJgeAB6ByooMZ6bs54PaVi9EWsDaLneDXlFroC7w root@ubuntu-xenial (ECDSA)
<14>May 15 17:14:05 ec2: 256 SHA256:NnhCYq+vFhc9yTxNVcMFNmJ5TpZO+rwh+o1dIx95zA0 root@ubuntu-xenial (ED25519)
<14>May 15 17:14:05 ec2: 2048 SHA256:g2X4YWkQadC6r7VC+OkD9bemRyoUxqz0Mgpsc7jswlM root@ubuntu-xenial (RSA)
<14>May 15 17:14:05 ec2: -----END SSH HOST KEY FINGERPRINTS-----
<14>May 15 17:14:05 ec2: #############################################################
-----BEGIN SSH HOST KEY KEYS-----
ecdsa-sha2-nistp256 AAAAE2VjZHNhLXNoYTItbmlzdHAyNTYAAAAIbmlzdHAyNTYAAABBBL2Rcu+ugpLJ0MtHoYKHHUUxNcdauymuv0b7klz97aYc2hG8BRCZYLQalHdtI41PNdAX/wTJIy0acczp3xjZens= root@ubuntu-xenial
ssh-ed25519 AAAAC3NzaC1lZDI1NTE5AAAAICfaC0CNQf3mfdZzKFIQ3lj7Wj6raBRR2WnBAAbM7tnn root@ubuntu-xenial
ssh-rsa AAAAB3NzaC1yc2EAAAADAQABAAABAQCzKoYdN0gR6E9e8yFQkVHSpFi8N/GDqTuRNSRbaYCseFCNUAuhRfFxQyAkDIoAmsKALmTK/coIvjXn/p7IbYImQBc52vvZQ3DR/xl/tbKB1YgWVpxL/kE1N6z64KSsarwgbwDW6ONthTDn+zlLtA42N/SioZayScaf2t/F1IltKUyVB6V5koYLTOjeUalBeJB8iihoeiwm9sYm9O1SAlPG6h+/7hDsbSE2ZF9W9D1tZN+43We3bZaQOFaS5Ae2+ijeQQyPjXWyKJ9k6JDNaNpigYle5OMo1vryrSDr3PViAN+C+Ep1DvwZK6Q60CKxNhhJ6qQA6pMQV3fRBfSFqKbz root@ubuntu-xenial
-----END SSH HOST KEY KEYS-----
[   13.174814] cloud-init[1427]: Cloud-init v. 21.1-19-gbad84ad4-0ubuntu1~16.04.2 running 'modules:final' at Sun, 15 May 2022 17:14:05 +0000. Up 12.94 seconds.
[   13.185732] cloud-init[1427]: ci-info: no authorized SSH keys fingerprints found for user ubuntu.
[   13.187357] cloud-init[1427]: Cloud-init v. 21.1-19-gbad84ad4-0ubuntu1~16.04.2 finished at Sun, 15 May 2022 17:14:05 +0000. Datasource DataSourceNoCloud [seed=/dev/sdb][dsmode=net].  Up 13.16 seconds
[[0;32m  OK  [0m] Started Execute cloud user/final scripts.
[[0;32m  OK  [0m] Reached target Cloud-init target.

Ubuntu 16.04.7 LTS ubuntu-xenial ttyS0

ubuntu-xenial login: 